<html>
<head>
<title>TestNG:  Test</title>
<link href="../testng.css" rel="stylesheet" type="text/css" />
<link href="../my-testng.css" rel="stylesheet" type="text/css" />

<style type="text/css">
.log { display: none;} 
.stack-trace { display: none;} 
</style>
<script type="text/javascript">
<!--
function flip(e) {
  current = e.style.display;
  if (current == 'block') {
    e.style.display = 'none';
    return 0;
  }
  else {
    e.style.display = 'block';
    return 1;
  }
}

function toggleBox(szDivId, elem, msg1, msg2)
{
  var res = -1;  if (document.getElementById) {
    res = flip(document.getElementById(szDivId));
  }
  else if (document.all) {
    // this is the way old msie versions work
    res = flip(document.all[szDivId]);
  }
  if(elem) {
    if(res == 0) elem.innerHTML = msg1; else elem.innerHTML = msg2;
  }

}

function toggleAllBoxes() {
  if (document.getElementsByTagName) {
    d = document.getElementsByTagName('div');
    for (i = 0; i < d.length; i++) {
      if (d[i].className == 'log') {
        flip(d[i]);
      }
    }
  }
}

// -->
</script>

</head>
<body>
<h2 align='center'>Test</h2><table border='1' align="center">
<tr>
<td>Tests passed/Failed/Skipped:</td><td>45/7/0</td>
</tr><tr>
<td>Started on:</td><td>Wed Nov 02 18:18:17 IST 2022</td>
</tr>
<tr><td>Total time:</td><td>553 seconds (553512 ms)</td>
</tr><tr>
<td>Included groups:</td><td></td>
</tr><tr>
<td>Excluded groups:</td><td></td>
</tr>
</table><p/>
<small><i>(Hover the method name to see the test class name)</i></small><p/>
<table width='100%' border='1' class='invocation-failed'>
<tr><td colspan='4' align='center'><b>FAILED TESTS</b></td></tr>
<tr><td><b>Test method</b></td>
<td width="30%"><b>Exception</b></td>
<td width="10%"><b>Time (seconds)</b></td>
<td><b>Instance</b></td>
</tr>
<tr>
<td title='com.new_Xuriti_project.TC_06_F_credit_plan_map_buyer.Credit_plan_map_buyer()'><b>Credit_plan_map_buyer</b><br>Test class: com.new_Xuriti_project.TC_06_F_credit_plan_map_buyer</td>
<td><div><pre>org.openqa.selenium.NoSuchElementException: no such element: Unable to locate element: {&quot;method&quot;:&quot;xpath&quot;,&quot;selector&quot;:&quot;//*[@id=&quot;companylist-page&quot;]/div/table/tbody/tr[1]/td[7]/button[2]/span[1]/mat-icon&quot;}
  (Session info: chrome=107.0.5304.87)
For documentation on this error, please visit: https://selenium.dev/exceptions/#no_such_element
Build info: version: &apos;4.4.0&apos;, revision: &apos;e5c75ed026a&apos;
System info: host: &apos;techtrail-desktop&apos;, ip: &apos;127.0.1.1&apos;, os.name: &apos;Linux&apos;, os.arch: &apos;amd64&apos;, os.version: &apos;5.15.0-52-generic&apos;, java.version: &apos;11.0.16&apos;
Driver info: org.openqa.selenium.chrome.ChromeDriver
Command: [8b43a2470c1e4676af85aef46a3c1dc7, findElement {using=xpath, value=//*[@id=&quot;companylist-page&quot;]/div/table/tbody/tr[1]/td[7]/button[2]/span[1]/mat-icon}]
Capabilities {acceptInsecureCerts: false, browserName: chrome, browserVersion: 107.0.5304.87, chrome: {chromedriverVersion: 106.0.5249.61 (511755355844..., userDataDir: /tmp/.com.google.Chrome.l3t2sR}, goog:chromeOptions: {debuggerAddress: localhost:42535}, networkConnectionEnabled: false, pageLoadStrategy: normal, platformName: LINUX, proxy: Proxy(), se:cdp: ws://localhost:42535/devtoo..., se:cdpVersion: 107.0.5304.87, setWindowRect: true, strictFileInteractability: false, timeouts: {implicit: 0, pageLoad: 300000, script: 30000}, unhandledPromptBehavior: dismiss and notify, webauthn:extension:credBlob: true, webauthn:extension:largeBlob: true, webauthn:virtualAuthenticators: true}
Session ID: 8b43a2470c1e4676af85aef46a3c1dc7
	at org.openqa.selenium.remote.codec.w3c.W3CHttpResponseCodec.createException(W3CHttpResponseCodec.java:200)
	at org.openqa.selenium.remote.codec.w3c.W3CHttpResponseCodec.decode(W3CHttpResponseCodec.java:133)
	at org.openqa.selenium.remote.codec.w3c.W3CHttpResponseCodec.decode(W3CHttpResponseCodec.java:53)
	at org.openqa.selenium.remote.HttpCommandExecutor.execute(HttpCommandExecutor.java:184)
	at org.openqa.selenium.remote.service.DriverCommandExecutor.invokeExecute(DriverCommandExecutor.java:167)
	at org.openqa.selenium.remote.service.DriverCommandExecutor.execute(DriverCommandExecutor.java:142)
	at org.openqa.selenium.remote.RemoteWebDriver.execute(RemoteWebDriver.java:547)
	at org.openqa.selenium.remote.ElementLocation$ElementFinder$2.findElement(ElementLocation.java:162)
	at org.openqa.selenium.remote.ElementLocation.findElement(ElementLocation.java:60)
	at org.openqa.selenium.remote.RemoteWebDriver.findElement(RemoteWebDriver.java:365)
	at org.openqa.selenium.remote.RemoteWebDriver.findElement(RemoteWebDriver.java:357)
	at com.new_Xuriti_project.Company_status_change.credit_plan_mapping(Company_status_change.java:131)
	at com.new_Xuriti_project.TC_06_F_credit_plan_map_buyer.Credit_plan_map_buyer(TC_06_F_credit_plan_map_buyer.java:44)
	at java.base/java.util.ArrayList.forEach(ArrayList.java:1541)
... Removed 31 stack frames</pre></div><a href='#' onClick='toggleBox("stack-trace1948224958", this, "Click to show all stack frames", "Click to hide stack frames")'>Click to show all stack frames</a>
<div class='stack-trace' id='stack-trace1948224958'><pre>org.openqa.selenium.NoSuchElementException: no such element: Unable to locate element: {&quot;method&quot;:&quot;xpath&quot;,&quot;selector&quot;:&quot;//*[@id=&quot;companylist-page&quot;]/div/table/tbody/tr[1]/td[7]/button[2]/span[1]/mat-icon&quot;}
  (Session info: chrome=107.0.5304.87)
For documentation on this error, please visit: https://selenium.dev/exceptions/#no_such_element
Build info: version: &apos;4.4.0&apos;, revision: &apos;e5c75ed026a&apos;
System info: host: &apos;techtrail-desktop&apos;, ip: &apos;127.0.1.1&apos;, os.name: &apos;Linux&apos;, os.arch: &apos;amd64&apos;, os.version: &apos;5.15.0-52-generic&apos;, java.version: &apos;11.0.16&apos;
Driver info: org.openqa.selenium.chrome.ChromeDriver
Command: [8b43a2470c1e4676af85aef46a3c1dc7, findElement {using=xpath, value=//*[@id=&quot;companylist-page&quot;]/div/table/tbody/tr[1]/td[7]/button[2]/span[1]/mat-icon}]
Capabilities {acceptInsecureCerts: false, browserName: chrome, browserVersion: 107.0.5304.87, chrome: {chromedriverVersion: 106.0.5249.61 (511755355844..., userDataDir: /tmp/.com.google.Chrome.l3t2sR}, goog:chromeOptions: {debuggerAddress: localhost:42535}, networkConnectionEnabled: false, pageLoadStrategy: normal, platformName: LINUX, proxy: Proxy(), se:cdp: ws://localhost:42535/devtoo..., se:cdpVersion: 107.0.5304.87, setWindowRect: true, strictFileInteractability: false, timeouts: {implicit: 0, pageLoad: 300000, script: 30000}, unhandledPromptBehavior: dismiss and notify, webauthn:extension:credBlob: true, webauthn:extension:largeBlob: true, webauthn:virtualAuthenticators: true}
Session ID: 8b43a2470c1e4676af85aef46a3c1dc7
	at java.base/jdk.internal.reflect.NativeConstructorAccessorImpl.newInstance0(Native Method)
	at java.base/jdk.internal.reflect.NativeConstructorAccessorImpl.newInstance(NativeConstructorAccessorImpl.java:62)
	at java.base/jdk.internal.reflect.DelegatingConstructorAccessorImpl.newInstance(DelegatingConstructorAccessorImpl.java:45)
	at java.base/java.lang.reflect.Constructor.newInstance(Constructor.java:490)
	at org.openqa.selenium.remote.codec.w3c.W3CHttpResponseCodec.createException(W3CHttpResponseCodec.java:200)
	at org.openqa.selenium.remote.codec.w3c.W3CHttpResponseCodec.decode(W3CHttpResponseCodec.java:133)
	at org.openqa.selenium.remote.codec.w3c.W3CHttpResponseCodec.decode(W3CHttpResponseCodec.java:53)
	at org.openqa.selenium.remote.HttpCommandExecutor.execute(HttpCommandExecutor.java:184)
	at org.openqa.selenium.remote.service.DriverCommandExecutor.invokeExecute(DriverCommandExecutor.java:167)
	at org.openqa.selenium.remote.service.DriverCommandExecutor.execute(DriverCommandExecutor.java:142)
	at org.openqa.selenium.remote.RemoteWebDriver.execute(RemoteWebDriver.java:547)
	at org.openqa.selenium.remote.ElementLocation$ElementFinder$2.findElement(ElementLocation.java:162)
	at org.openqa.selenium.remote.ElementLocation.findElement(ElementLocation.java:60)
	at org.openqa.selenium.remote.RemoteWebDriver.findElement(RemoteWebDriver.java:365)
	at org.openqa.selenium.remote.RemoteWebDriver.findElement(RemoteWebDriver.java:357)
	at com.new_Xuriti_project.Company_status_change.credit_plan_mapping(Company_status_change.java:131)
	at com.new_Xuriti_project.TC_06_F_credit_plan_map_buyer.Credit_plan_map_buyer(TC_06_F_credit_plan_map_buyer.java:44)
	at java.base/jdk.internal.reflect.NativeMethodAccessorImpl.invoke0(Native Method)
	at java.base/jdk.internal.reflect.NativeMethodAccessorImpl.invoke(NativeMethodAccessorImpl.java:62)
	at java.base/jdk.internal.reflect.DelegatingMethodAccessorImpl.invoke(DelegatingMethodAccessorImpl.java:43)
	at java.base/java.lang.reflect.Method.invoke(Method.java:566)
	at org.testng.internal.MethodInvocationHelper.invokeMethod(MethodInvocationHelper.java:133)
	at org.testng.internal.TestInvoker.invokeMethod(TestInvoker.java:598)
	at org.testng.internal.TestInvoker.invokeTestMethod(TestInvoker.java:173)
	at org.testng.internal.MethodRunner.runInSequence(MethodRunner.java:46)
	at org.testng.internal.TestInvoker$MethodInvocationAgent.invoke(TestInvoker.java:824)
	at org.testng.internal.TestInvoker.invokeTestMethods(TestInvoker.java:146)
	at org.testng.internal.TestMethodWorker.invokeTestMethods(TestMethodWorker.java:146)
	at org.testng.internal.TestMethodWorker.run(TestMethodWorker.java:128)
	at java.base/java.util.ArrayList.forEach(ArrayList.java:1541)
	at org.testng.TestRunner.privateRun(TestRunner.java:794)
	at org.testng.TestRunner.run(TestRunner.java:596)
	at org.testng.SuiteRunner.runTest(SuiteRunner.java:377)
	at org.testng.SuiteRunner.runSequentially(SuiteRunner.java:371)
	at org.testng.SuiteRunner.privateRun(SuiteRunner.java:332)
	at org.testng.SuiteRunner.run(SuiteRunner.java:276)
	at org.testng.SuiteRunnerWorker.runSuite(SuiteRunnerWorker.java:53)
	at org.testng.SuiteRunnerWorker.run(SuiteRunnerWorker.java:96)
	at org.testng.TestNG.runSuitesSequentially(TestNG.java:1212)
	at org.testng.TestNG.runSuitesLocally(TestNG.java:1134)
	at org.testng.TestNG.runSuites(TestNG.java:1063)
	at org.testng.TestNG.run(TestNG.java:1031)
	at org.testng.remote.AbstractRemoteTestNG.run(AbstractRemoteTestNG.java:115)
	at org.testng.remote.RemoteTestNG.initAndRun(RemoteTestNG.java:251)
	at org.testng.remote.RemoteTestNG.main(RemoteTestNG.java:77)
</pre></div></td>
<td>8</td>
<td>com.new_Xuriti_project.TC_06_F_credit_plan_map_buyer@63355449</td></tr>
<tr>
<td title='com.new_Xuriti_project.TC_13_M_part_payment.Buyer_invoice_confirm()'><b>Buyer_invoice_confirm</b><br>Test class: com.new_Xuriti_project.TC_13_M_part_payment</td>
<td><div><pre>org.openqa.selenium.NoSuchWindowException: no such window: target window already closed
from unknown error: web view not found
  (Session info: chrome=107.0.5304.87)
Build info: version: &apos;4.4.0&apos;, revision: &apos;e5c75ed026a&apos;
System info: host: &apos;techtrail-desktop&apos;, ip: &apos;127.0.1.1&apos;, os.name: &apos;Linux&apos;, os.arch: &apos;amd64&apos;, os.version: &apos;5.15.0-52-generic&apos;, java.version: &apos;11.0.16&apos;
Driver info: org.openqa.selenium.chrome.ChromeDriver
Command: [cbefdef2274180e04a4bbd342cc5de54, findElement {using=xpath, value=//*[@id=&quot;purchasedashboard-page&quot;]/div/div/div[2]/div/button}]
Capabilities {acceptInsecureCerts: false, browserName: chrome, browserVersion: 107.0.5304.87, chrome: {chromedriverVersion: 106.0.5249.61 (511755355844..., userDataDir: /tmp/.com.google.Chrome.1uzUdF}, goog:chromeOptions: {debuggerAddress: localhost:35959}, networkConnectionEnabled: false, pageLoadStrategy: normal, platformName: LINUX, proxy: Proxy(), se:cdp: ws://localhost:35959/devtoo..., se:cdpVersion: 107.0.5304.87, setWindowRect: true, strictFileInteractability: false, timeouts: {implicit: 0, pageLoad: 300000, script: 30000}, unhandledPromptBehavior: dismiss and notify, webauthn:extension:credBlob: true, webauthn:extension:largeBlob: true, webauthn:virtualAuthenticators: true}
Session ID: cbefdef2274180e04a4bbd342cc5de54
	at org.openqa.selenium.remote.codec.w3c.W3CHttpResponseCodec.createException(W3CHttpResponseCodec.java:200)
	at org.openqa.selenium.remote.codec.w3c.W3CHttpResponseCodec.decode(W3CHttpResponseCodec.java:133)
	at org.openqa.selenium.remote.codec.w3c.W3CHttpResponseCodec.decode(W3CHttpResponseCodec.java:53)
	at org.openqa.selenium.remote.HttpCommandExecutor.execute(HttpCommandExecutor.java:184)
	at org.openqa.selenium.remote.service.DriverCommandExecutor.invokeExecute(DriverCommandExecutor.java:167)
	at org.openqa.selenium.remote.service.DriverCommandExecutor.execute(DriverCommandExecutor.java:142)
	at org.openqa.selenium.remote.RemoteWebDriver.execute(RemoteWebDriver.java:547)
	at org.openqa.selenium.remote.ElementLocation$ElementFinder$2.findElement(ElementLocation.java:162)
	at org.openqa.selenium.remote.ElementLocation.findElement(ElementLocation.java:60)
	at org.openqa.selenium.remote.RemoteWebDriver.findElement(RemoteWebDriver.java:365)
	at org.openqa.selenium.remote.RemoteWebDriver.findElement(RemoteWebDriver.java:357)
	at com.new_Xuriti_project.Invoice_upload.Part_payment(Invoice_upload.java:80)
	at com.new_Xuriti_project.TC_13_M_part_payment.Buyer_invoice_confirm(TC_13_M_part_payment.java:35)
	at java.base/java.util.ArrayList.forEach(ArrayList.java:1541)
... Removed 31 stack frames</pre></div><a href='#' onClick='toggleBox("stack-trace2055458002", this, "Click to show all stack frames", "Click to hide stack frames")'>Click to show all stack frames</a>
<div class='stack-trace' id='stack-trace2055458002'><pre>org.openqa.selenium.NoSuchWindowException: no such window: target window already closed
from unknown error: web view not found
  (Session info: chrome=107.0.5304.87)
Build info: version: &apos;4.4.0&apos;, revision: &apos;e5c75ed026a&apos;
System info: host: &apos;techtrail-desktop&apos;, ip: &apos;127.0.1.1&apos;, os.name: &apos;Linux&apos;, os.arch: &apos;amd64&apos;, os.version: &apos;5.15.0-52-generic&apos;, java.version: &apos;11.0.16&apos;
Driver info: org.openqa.selenium.chrome.ChromeDriver
Command: [cbefdef2274180e04a4bbd342cc5de54, findElement {using=xpath, value=//*[@id=&quot;purchasedashboard-page&quot;]/div/div/div[2]/div/button}]
Capabilities {acceptInsecureCerts: false, browserName: chrome, browserVersion: 107.0.5304.87, chrome: {chromedriverVersion: 106.0.5249.61 (511755355844..., userDataDir: /tmp/.com.google.Chrome.1uzUdF}, goog:chromeOptions: {debuggerAddress: localhost:35959}, networkConnectionEnabled: false, pageLoadStrategy: normal, platformName: LINUX, proxy: Proxy(), se:cdp: ws://localhost:35959/devtoo..., se:cdpVersion: 107.0.5304.87, setWindowRect: true, strictFileInteractability: false, timeouts: {implicit: 0, pageLoad: 300000, script: 30000}, unhandledPromptBehavior: dismiss and notify, webauthn:extension:credBlob: true, webauthn:extension:largeBlob: true, webauthn:virtualAuthenticators: true}
Session ID: cbefdef2274180e04a4bbd342cc5de54
	at java.base/jdk.internal.reflect.NativeConstructorAccessorImpl.newInstance0(Native Method)
	at java.base/jdk.internal.reflect.NativeConstructorAccessorImpl.newInstance(NativeConstructorAccessorImpl.java:62)
	at java.base/jdk.internal.reflect.DelegatingConstructorAccessorImpl.newInstance(DelegatingConstructorAccessorImpl.java:45)
	at java.base/java.lang.reflect.Constructor.newInstance(Constructor.java:490)
	at org.openqa.selenium.remote.codec.w3c.W3CHttpResponseCodec.createException(W3CHttpResponseCodec.java:200)
	at org.openqa.selenium.remote.codec.w3c.W3CHttpResponseCodec.decode(W3CHttpResponseCodec.java:133)
	at org.openqa.selenium.remote.codec.w3c.W3CHttpResponseCodec.decode(W3CHttpResponseCodec.java:53)
	at org.openqa.selenium.remote.HttpCommandExecutor.execute(HttpCommandExecutor.java:184)
	at org.openqa.selenium.remote.service.DriverCommandExecutor.invokeExecute(DriverCommandExecutor.java:167)
	at org.openqa.selenium.remote.service.DriverCommandExecutor.execute(DriverCommandExecutor.java:142)
	at org.openqa.selenium.remote.RemoteWebDriver.execute(RemoteWebDriver.java:547)
	at org.openqa.selenium.remote.ElementLocation$ElementFinder$2.findElement(ElementLocation.java:162)
	at org.openqa.selenium.remote.ElementLocation.findElement(ElementLocation.java:60)
	at org.openqa.selenium.remote.RemoteWebDriver.findElement(RemoteWebDriver.java:365)
	at org.openqa.selenium.remote.RemoteWebDriver.findElement(RemoteWebDriver.java:357)
	at com.new_Xuriti_project.Invoice_upload.Part_payment(Invoice_upload.java:80)
	at com.new_Xuriti_project.TC_13_M_part_payment.Buyer_invoice_confirm(TC_13_M_part_payment.java:35)
	at java.base/jdk.internal.reflect.NativeMethodAccessorImpl.invoke0(Native Method)
	at java.base/jdk.internal.reflect.NativeMethodAccessorImpl.invoke(NativeMethodAccessorImpl.java:62)
	at java.base/jdk.internal.reflect.DelegatingMethodAccessorImpl.invoke(DelegatingMethodAccessorImpl.java:43)
	at java.base/java.lang.reflect.Method.invoke(Method.java:566)
	at org.testng.internal.MethodInvocationHelper.invokeMethod(MethodInvocationHelper.java:133)
	at org.testng.internal.TestInvoker.invokeMethod(TestInvoker.java:598)
	at org.testng.internal.TestInvoker.invokeTestMethod(TestInvoker.java:173)
	at org.testng.internal.MethodRunner.runInSequence(MethodRunner.java:46)
	at org.testng.internal.TestInvoker$MethodInvocationAgent.invoke(TestInvoker.java:824)
	at org.testng.internal.TestInvoker.invokeTestMethods(TestInvoker.java:146)
	at org.testng.internal.TestMethodWorker.invokeTestMethods(TestMethodWorker.java:146)
	at org.testng.internal.TestMethodWorker.run(TestMethodWorker.java:128)
	at java.base/java.util.ArrayList.forEach(ArrayList.java:1541)
	at org.testng.TestRunner.privateRun(TestRunner.java:794)
	at org.testng.TestRunner.run(TestRunner.java:596)
	at org.testng.SuiteRunner.runTest(SuiteRunner.java:377)
	at org.testng.SuiteRunner.runSequentially(SuiteRunner.java:371)
	at org.testng.SuiteRunner.privateRun(SuiteRunner.java:332)
	at org.testng.SuiteRunner.run(SuiteRunner.java:276)
	at org.testng.SuiteRunnerWorker.runSuite(SuiteRunnerWorker.java:53)
	at org.testng.SuiteRunnerWorker.run(SuiteRunnerWorker.java:96)
	at org.testng.TestNG.runSuitesSequentially(TestNG.java:1212)
	at org.testng.TestNG.runSuitesLocally(TestNG.java:1134)
	at org.testng.TestNG.runSuites(TestNG.java:1063)
	at org.testng.TestNG.run(TestNG.java:1031)
	at org.testng.remote.AbstractRemoteTestNG.run(AbstractRemoteTestNG.java:115)
	at org.testng.remote.RemoteTestNG.initAndRun(RemoteTestNG.java:251)
	at org.testng.remote.RemoteTestNG.main(RemoteTestNG.java:77)
</pre></div></td>
<td>15</td>
<td>com.new_Xuriti_project.TC_13_M_part_payment@30ee2816</td></tr>
<tr>
<td title='com.new_Xuriti_project.TC_14_N_Full_payment.Buyer_full_payment()'><b>Buyer_full_payment</b><br>Test class: com.new_Xuriti_project.TC_14_N_Full_payment</td>
<td><div><pre>org.openqa.selenium.NoSuchElementException: no such element: Unable to locate element: {&quot;method&quot;:&quot;xpath&quot;,&quot;selector&quot;:&quot;//*[@id=&quot;dkp-container-main&quot;]/div[3]/div[2]/div[3]/div[2]/div/div/span&quot;}
  (Session info: chrome=107.0.5304.87)
For documentation on this error, please visit: https://selenium.dev/exceptions/#no_such_element
Build info: version: &apos;4.4.0&apos;, revision: &apos;e5c75ed026a&apos;
System info: host: &apos;techtrail-desktop&apos;, ip: &apos;127.0.1.1&apos;, os.name: &apos;Linux&apos;, os.arch: &apos;amd64&apos;, os.version: &apos;5.15.0-52-generic&apos;, java.version: &apos;11.0.16&apos;
Driver info: org.openqa.selenium.chrome.ChromeDriver
Command: [9184e1dbc232ebf2d3d082db3d31fac1, findElement {using=xpath, value=//*[@id=&quot;dkp-container-main&quot;]/div[3]/div[2]/div[3]/div[2]/div/div/span}]
Capabilities {acceptInsecureCerts: false, browserName: chrome, browserVersion: 107.0.5304.87, chrome: {chromedriverVersion: 106.0.5249.61 (511755355844..., userDataDir: /tmp/.com.google.Chrome.EN3A6z}, goog:chromeOptions: {debuggerAddress: localhost:40663}, networkConnectionEnabled: false, pageLoadStrategy: normal, platformName: LINUX, proxy: Proxy(), se:cdp: ws://localhost:40663/devtoo..., se:cdpVersion: 107.0.5304.87, setWindowRect: true, strictFileInteractability: false, timeouts: {implicit: 0, pageLoad: 300000, script: 30000}, unhandledPromptBehavior: dismiss and notify, webauthn:extension:credBlob: true, webauthn:extension:largeBlob: true, webauthn:virtualAuthenticators: true}
Session ID: 9184e1dbc232ebf2d3d082db3d31fac1
	at org.openqa.selenium.remote.codec.w3c.W3CHttpResponseCodec.createException(W3CHttpResponseCodec.java:200)
	at org.openqa.selenium.remote.codec.w3c.W3CHttpResponseCodec.decode(W3CHttpResponseCodec.java:133)
	at org.openqa.selenium.remote.codec.w3c.W3CHttpResponseCodec.decode(W3CHttpResponseCodec.java:53)
	at org.openqa.selenium.remote.HttpCommandExecutor.execute(HttpCommandExecutor.java:184)
	at org.openqa.selenium.remote.service.DriverCommandExecutor.invokeExecute(DriverCommandExecutor.java:167)
	at org.openqa.selenium.remote.service.DriverCommandExecutor.execute(DriverCommandExecutor.java:142)
	at org.openqa.selenium.remote.RemoteWebDriver.execute(RemoteWebDriver.java:547)
	at org.openqa.selenium.remote.ElementLocation$ElementFinder$2.findElement(ElementLocation.java:162)
	at org.openqa.selenium.remote.ElementLocation.findElement(ElementLocation.java:60)
	at org.openqa.selenium.remote.RemoteWebDriver.findElement(RemoteWebDriver.java:365)
	at org.openqa.selenium.remote.RemoteWebDriver.findElement(RemoteWebDriver.java:357)
	at com.new_Xuriti_project.Invoice_upload.Full_payment(Invoice_upload.java:147)
	at com.new_Xuriti_project.TC_14_N_Full_payment.Buyer_full_payment(TC_14_N_Full_payment.java:32)
	at java.base/java.util.ArrayList.forEach(ArrayList.java:1541)
... Removed 31 stack frames</pre></div><a href='#' onClick='toggleBox("stack-trace1227612217", this, "Click to show all stack frames", "Click to hide stack frames")'>Click to show all stack frames</a>
<div class='stack-trace' id='stack-trace1227612217'><pre>org.openqa.selenium.NoSuchElementException: no such element: Unable to locate element: {&quot;method&quot;:&quot;xpath&quot;,&quot;selector&quot;:&quot;//*[@id=&quot;dkp-container-main&quot;]/div[3]/div[2]/div[3]/div[2]/div/div/span&quot;}
  (Session info: chrome=107.0.5304.87)
For documentation on this error, please visit: https://selenium.dev/exceptions/#no_such_element
Build info: version: &apos;4.4.0&apos;, revision: &apos;e5c75ed026a&apos;
System info: host: &apos;techtrail-desktop&apos;, ip: &apos;127.0.1.1&apos;, os.name: &apos;Linux&apos;, os.arch: &apos;amd64&apos;, os.version: &apos;5.15.0-52-generic&apos;, java.version: &apos;11.0.16&apos;
Driver info: org.openqa.selenium.chrome.ChromeDriver
Command: [9184e1dbc232ebf2d3d082db3d31fac1, findElement {using=xpath, value=//*[@id=&quot;dkp-container-main&quot;]/div[3]/div[2]/div[3]/div[2]/div/div/span}]
Capabilities {acceptInsecureCerts: false, browserName: chrome, browserVersion: 107.0.5304.87, chrome: {chromedriverVersion: 106.0.5249.61 (511755355844..., userDataDir: /tmp/.com.google.Chrome.EN3A6z}, goog:chromeOptions: {debuggerAddress: localhost:40663}, networkConnectionEnabled: false, pageLoadStrategy: normal, platformName: LINUX, proxy: Proxy(), se:cdp: ws://localhost:40663/devtoo..., se:cdpVersion: 107.0.5304.87, setWindowRect: true, strictFileInteractability: false, timeouts: {implicit: 0, pageLoad: 300000, script: 30000}, unhandledPromptBehavior: dismiss and notify, webauthn:extension:credBlob: true, webauthn:extension:largeBlob: true, webauthn:virtualAuthenticators: true}
Session ID: 9184e1dbc232ebf2d3d082db3d31fac1
	at java.base/jdk.internal.reflect.NativeConstructorAccessorImpl.newInstance0(Native Method)
	at java.base/jdk.internal.reflect.NativeConstructorAccessorImpl.newInstance(NativeConstructorAccessorImpl.java:62)
	at java.base/jdk.internal.reflect.DelegatingConstructorAccessorImpl.newInstance(DelegatingConstructorAccessorImpl.java:45)
	at java.base/java.lang.reflect.Constructor.newInstance(Constructor.java:490)
	at org.openqa.selenium.remote.codec.w3c.W3CHttpResponseCodec.createException(W3CHttpResponseCodec.java:200)
	at org.openqa.selenium.remote.codec.w3c.W3CHttpResponseCodec.decode(W3CHttpResponseCodec.java:133)
	at org.openqa.selenium.remote.codec.w3c.W3CHttpResponseCodec.decode(W3CHttpResponseCodec.java:53)
	at org.openqa.selenium.remote.HttpCommandExecutor.execute(HttpCommandExecutor.java:184)
	at org.openqa.selenium.remote.service.DriverCommandExecutor.invokeExecute(DriverCommandExecutor.java:167)
	at org.openqa.selenium.remote.service.DriverCommandExecutor.execute(DriverCommandExecutor.java:142)
	at org.openqa.selenium.remote.RemoteWebDriver.execute(RemoteWebDriver.java:547)
	at org.openqa.selenium.remote.ElementLocation$ElementFinder$2.findElement(ElementLocation.java:162)
	at org.openqa.selenium.remote.ElementLocation.findElement(ElementLocation.java:60)
	at org.openqa.selenium.remote.RemoteWebDriver.findElement(RemoteWebDriver.java:365)
	at org.openqa.selenium.remote.RemoteWebDriver.findElement(RemoteWebDriver.java:357)
	at com.new_Xuriti_project.Invoice_upload.Full_payment(Invoice_upload.java:147)
	at com.new_Xuriti_project.TC_14_N_Full_payment.Buyer_full_payment(TC_14_N_Full_payment.java:32)
	at java.base/jdk.internal.reflect.NativeMethodAccessorImpl.invoke0(Native Method)
	at java.base/jdk.internal.reflect.NativeMethodAccessorImpl.invoke(NativeMethodAccessorImpl.java:62)
	at java.base/jdk.internal.reflect.DelegatingMethodAccessorImpl.invoke(DelegatingMethodAccessorImpl.java:43)
	at java.base/java.lang.reflect.Method.invoke(Method.java:566)
	at org.testng.internal.MethodInvocationHelper.invokeMethod(MethodInvocationHelper.java:133)
	at org.testng.internal.TestInvoker.invokeMethod(TestInvoker.java:598)
	at org.testng.internal.TestInvoker.invokeTestMethod(TestInvoker.java:173)
	at org.testng.internal.MethodRunner.runInSequence(MethodRunner.java:46)
	at org.testng.internal.TestInvoker$MethodInvocationAgent.invoke(TestInvoker.java:824)
	at org.testng.internal.TestInvoker.invokeTestMethods(TestInvoker.java:146)
	at org.testng.internal.TestMethodWorker.invokeTestMethods(TestMethodWorker.java:146)
	at org.testng.internal.TestMethodWorker.run(TestMethodWorker.java:128)
	at java.base/java.util.ArrayList.forEach(ArrayList.java:1541)
	at org.testng.TestRunner.privateRun(TestRunner.java:794)
	at org.testng.TestRunner.run(TestRunner.java:596)
	at org.testng.SuiteRunner.runTest(SuiteRunner.java:377)
	at org.testng.SuiteRunner.runSequentially(SuiteRunner.java:371)
	at org.testng.SuiteRunner.privateRun(SuiteRunner.java:332)
	at org.testng.SuiteRunner.run(SuiteRunner.java:276)
	at org.testng.SuiteRunnerWorker.runSuite(SuiteRunnerWorker.java:53)
	at org.testng.SuiteRunnerWorker.run(SuiteRunnerWorker.java:96)
	at org.testng.TestNG.runSuitesSequentially(TestNG.java:1212)
	at org.testng.TestNG.runSuitesLocally(TestNG.java:1134)
	at org.testng.TestNG.runSuites(TestNG.java:1063)
	at org.testng.TestNG.run(TestNG.java:1031)
	at org.testng.remote.AbstractRemoteTestNG.run(AbstractRemoteTestNG.java:115)
	at org.testng.remote.RemoteTestNG.initAndRun(RemoteTestNG.java:251)
	at org.testng.remote.RemoteTestNG.main(RemoteTestNG.java:77)
</pre></div></td>
<td>29</td>
<td>com.new_Xuriti_project.TC_14_N_Full_payment@31d7b7bf</td></tr>
<tr>
<td title='com.new_Xuriti_project.TC_04_D_entity_approve.Company_status_approve()'><b>Company_status_approve</b><br>Test class: com.new_Xuriti_project.TC_04_D_entity_approve</td>
<td><div><pre>org.openqa.selenium.NoSuchElementException: no such element: Unable to locate element: {&quot;method&quot;:&quot;xpath&quot;,&quot;selector&quot;:&quot;//*[@id=&quot;companylist-page&quot;]/div/table/tbody/tr[1]/td[7]/button[1]/span[1]/mat-icon&quot;}
  (Session info: chrome=107.0.5304.87)
For documentation on this error, please visit: https://selenium.dev/exceptions/#no_such_element
Build info: version: &apos;4.4.0&apos;, revision: &apos;e5c75ed026a&apos;
System info: host: &apos;techtrail-desktop&apos;, ip: &apos;127.0.1.1&apos;, os.name: &apos;Linux&apos;, os.arch: &apos;amd64&apos;, os.version: &apos;5.15.0-52-generic&apos;, java.version: &apos;11.0.16&apos;
Driver info: org.openqa.selenium.chrome.ChromeDriver
Command: [6b6beb07d7780ef490e21858e715dd01, findElement {using=xpath, value=//*[@id=&quot;companylist-page&quot;]/div/table/tbody/tr[1]/td[7]/button[1]/span[1]/mat-icon}]
Capabilities {acceptInsecureCerts: false, browserName: chrome, browserVersion: 107.0.5304.87, chrome: {chromedriverVersion: 106.0.5249.61 (511755355844..., userDataDir: /tmp/.com.google.Chrome.1VjDVn}, goog:chromeOptions: {debuggerAddress: localhost:46777}, networkConnectionEnabled: false, pageLoadStrategy: normal, platformName: LINUX, proxy: Proxy(), se:cdp: ws://localhost:46777/devtoo..., se:cdpVersion: 107.0.5304.87, setWindowRect: true, strictFileInteractability: false, timeouts: {implicit: 0, pageLoad: 300000, script: 30000}, unhandledPromptBehavior: dismiss and notify, webauthn:extension:credBlob: true, webauthn:extension:largeBlob: true, webauthn:virtualAuthenticators: true}
Session ID: 6b6beb07d7780ef490e21858e715dd01
	at org.openqa.selenium.remote.codec.w3c.W3CHttpResponseCodec.createException(W3CHttpResponseCodec.java:200)
	at org.openqa.selenium.remote.codec.w3c.W3CHttpResponseCodec.decode(W3CHttpResponseCodec.java:133)
	at org.openqa.selenium.remote.codec.w3c.W3CHttpResponseCodec.decode(W3CHttpResponseCodec.java:53)
	at org.openqa.selenium.remote.HttpCommandExecutor.execute(HttpCommandExecutor.java:184)
	at org.openqa.selenium.remote.service.DriverCommandExecutor.invokeExecute(DriverCommandExecutor.java:167)
	at org.openqa.selenium.remote.service.DriverCommandExecutor.execute(DriverCommandExecutor.java:142)
	at org.openqa.selenium.remote.RemoteWebDriver.execute(RemoteWebDriver.java:547)
	at org.openqa.selenium.remote.ElementLocation$ElementFinder$2.findElement(ElementLocation.java:162)
	at org.openqa.selenium.remote.ElementLocation.findElement(ElementLocation.java:60)
	at org.openqa.selenium.remote.RemoteWebDriver.findElement(RemoteWebDriver.java:365)
	at org.openqa.selenium.remote.RemoteWebDriver.findElement(RemoteWebDriver.java:357)
	at com.new_Xuriti_project.Company_status_change.Company_status_approve(Company_status_change.java:27)
	at com.new_Xuriti_project.TC_04_D_entity_approve.Company_status_approve(TC_04_D_entity_approve.java:46)
	at java.base/java.util.ArrayList.forEach(ArrayList.java:1541)
... Removed 31 stack frames</pre></div><a href='#' onClick='toggleBox("stack-trace1970707120", this, "Click to show all stack frames", "Click to hide stack frames")'>Click to show all stack frames</a>
<div class='stack-trace' id='stack-trace1970707120'><pre>org.openqa.selenium.NoSuchElementException: no such element: Unable to locate element: {&quot;method&quot;:&quot;xpath&quot;,&quot;selector&quot;:&quot;//*[@id=&quot;companylist-page&quot;]/div/table/tbody/tr[1]/td[7]/button[1]/span[1]/mat-icon&quot;}
  (Session info: chrome=107.0.5304.87)
For documentation on this error, please visit: https://selenium.dev/exceptions/#no_such_element
Build info: version: &apos;4.4.0&apos;, revision: &apos;e5c75ed026a&apos;
System info: host: &apos;techtrail-desktop&apos;, ip: &apos;127.0.1.1&apos;, os.name: &apos;Linux&apos;, os.arch: &apos;amd64&apos;, os.version: &apos;5.15.0-52-generic&apos;, java.version: &apos;11.0.16&apos;
Driver info: org.openqa.selenium.chrome.ChromeDriver
Command: [6b6beb07d7780ef490e21858e715dd01, findElement {using=xpath, value=//*[@id=&quot;companylist-page&quot;]/div/table/tbody/tr[1]/td[7]/button[1]/span[1]/mat-icon}]
Capabilities {acceptInsecureCerts: false, browserName: chrome, browserVersion: 107.0.5304.87, chrome: {chromedriverVersion: 106.0.5249.61 (511755355844..., userDataDir: /tmp/.com.google.Chrome.1VjDVn}, goog:chromeOptions: {debuggerAddress: localhost:46777}, networkConnectionEnabled: false, pageLoadStrategy: normal, platformName: LINUX, proxy: Proxy(), se:cdp: ws://localhost:46777/devtoo..., se:cdpVersion: 107.0.5304.87, setWindowRect: true, strictFileInteractability: false, timeouts: {implicit: 0, pageLoad: 300000, script: 30000}, unhandledPromptBehavior: dismiss and notify, webauthn:extension:credBlob: true, webauthn:extension:largeBlob: true, webauthn:virtualAuthenticators: true}
Session ID: 6b6beb07d7780ef490e21858e715dd01
	at java.base/jdk.internal.reflect.NativeConstructorAccessorImpl.newInstance0(Native Method)
	at java.base/jdk.internal.reflect.NativeConstructorAccessorImpl.newInstance(NativeConstructorAccessorImpl.java:62)
	at java.base/jdk.internal.reflect.DelegatingConstructorAccessorImpl.newInstance(DelegatingConstructorAccessorImpl.java:45)
	at java.base/java.lang.reflect.Constructor.newInstance(Constructor.java:490)
	at org.openqa.selenium.remote.codec.w3c.W3CHttpResponseCodec.createException(W3CHttpResponseCodec.java:200)
	at org.openqa.selenium.remote.codec.w3c.W3CHttpResponseCodec.decode(W3CHttpResponseCodec.java:133)
	at org.openqa.selenium.remote.codec.w3c.W3CHttpResponseCodec.decode(W3CHttpResponseCodec.java:53)
	at org.openqa.selenium.remote.HttpCommandExecutor.execute(HttpCommandExecutor.java:184)
	at org.openqa.selenium.remote.service.DriverCommandExecutor.invokeExecute(DriverCommandExecutor.java:167)
	at org.openqa.selenium.remote.service.DriverCommandExecutor.execute(DriverCommandExecutor.java:142)
	at org.openqa.selenium.remote.RemoteWebDriver.execute(RemoteWebDriver.java:547)
	at org.openqa.selenium.remote.ElementLocation$ElementFinder$2.findElement(ElementLocation.java:162)
	at org.openqa.selenium.remote.ElementLocation.findElement(ElementLocation.java:60)
	at org.openqa.selenium.remote.RemoteWebDriver.findElement(RemoteWebDriver.java:365)
	at org.openqa.selenium.remote.RemoteWebDriver.findElement(RemoteWebDriver.java:357)
	at com.new_Xuriti_project.Company_status_change.Company_status_approve(Company_status_change.java:27)
	at com.new_Xuriti_project.TC_04_D_entity_approve.Company_status_approve(TC_04_D_entity_approve.java:46)
	at java.base/jdk.internal.reflect.NativeMethodAccessorImpl.invoke0(Native Method)
	at java.base/jdk.internal.reflect.NativeMethodAccessorImpl.invoke(NativeMethodAccessorImpl.java:62)
	at java.base/jdk.internal.reflect.DelegatingMethodAccessorImpl.invoke(DelegatingMethodAccessorImpl.java:43)
	at java.base/java.lang.reflect.Method.invoke(Method.java:566)
	at org.testng.internal.MethodInvocationHelper.invokeMethod(MethodInvocationHelper.java:133)
	at org.testng.internal.TestInvoker.invokeMethod(TestInvoker.java:598)
	at org.testng.internal.TestInvoker.invokeTestMethod(TestInvoker.java:173)
	at org.testng.internal.MethodRunner.runInSequence(MethodRunner.java:46)
	at org.testng.internal.TestInvoker$MethodInvocationAgent.invoke(TestInvoker.java:824)
	at org.testng.internal.TestInvoker.invokeTestMethods(TestInvoker.java:146)
	at org.testng.internal.TestMethodWorker.invokeTestMethods(TestMethodWorker.java:146)
	at org.testng.internal.TestMethodWorker.run(TestMethodWorker.java:128)
	at java.base/java.util.ArrayList.forEach(ArrayList.java:1541)
	at org.testng.TestRunner.privateRun(TestRunner.java:794)
	at org.testng.TestRunner.run(TestRunner.java:596)
	at org.testng.SuiteRunner.runTest(SuiteRunner.java:377)
	at org.testng.SuiteRunner.runSequentially(SuiteRunner.java:371)
	at org.testng.SuiteRunner.privateRun(SuiteRunner.java:332)
	at org.testng.SuiteRunner.run(SuiteRunner.java:276)
	at org.testng.SuiteRunnerWorker.runSuite(SuiteRunnerWorker.java:53)
	at org.testng.SuiteRunnerWorker.run(SuiteRunnerWorker.java:96)
	at org.testng.TestNG.runSuitesSequentially(TestNG.java:1212)
	at org.testng.TestNG.runSuitesLocally(TestNG.java:1134)
	at org.testng.TestNG.runSuites(TestNG.java:1063)
	at org.testng.TestNG.run(TestNG.java:1031)
	at org.testng.remote.AbstractRemoteTestNG.run(AbstractRemoteTestNG.java:115)
	at org.testng.remote.RemoteTestNG.initAndRun(RemoteTestNG.java:251)
	at org.testng.remote.RemoteTestNG.main(RemoteTestNG.java:77)
</pre></div></td>
<td>8</td>
<td>com.new_Xuriti_project.TC_04_D_entity_approve@6580cfdd</td></tr>
<tr>
<td title='com.new_Xuriti_project.TC_08_H_Nbfc_mapping.nbfc_map()'><b>nbfc_map</b><br>Test class: com.new_Xuriti_project.TC_08_H_Nbfc_mapping</td>
<td><div><pre>org.openqa.selenium.NoSuchElementException: no such element: Unable to locate element: {&quot;method&quot;:&quot;xpath&quot;,&quot;selector&quot;:&quot;//*[@id=&quot;nbfc-list-page&quot;]/div/div[3]/table/tbody/tr[1]/td[6]/button[2]/span[1]/mat-icon&quot;}
  (Session info: chrome=107.0.5304.87)
For documentation on this error, please visit: https://selenium.dev/exceptions/#no_such_element
Build info: version: &apos;4.4.0&apos;, revision: &apos;e5c75ed026a&apos;
System info: host: &apos;techtrail-desktop&apos;, ip: &apos;127.0.1.1&apos;, os.name: &apos;Linux&apos;, os.arch: &apos;amd64&apos;, os.version: &apos;5.15.0-52-generic&apos;, java.version: &apos;11.0.16&apos;
Driver info: org.openqa.selenium.chrome.ChromeDriver
Command: [7c771d9e23f15dfb99f7cc4b673aad13, findElement {using=xpath, value=//*[@id=&quot;nbfc-list-page&quot;]/div/div[3]/table/tbody/tr[1]/td[6]/button[2]/span[1]/mat-icon}]
Capabilities {acceptInsecureCerts: false, browserName: chrome, browserVersion: 107.0.5304.87, chrome: {chromedriverVersion: 106.0.5249.61 (511755355844..., userDataDir: /tmp/.com.google.Chrome.cIIpzE}, goog:chromeOptions: {debuggerAddress: localhost:41013}, networkConnectionEnabled: false, pageLoadStrategy: normal, platformName: LINUX, proxy: Proxy(), se:cdp: ws://localhost:41013/devtoo..., se:cdpVersion: 107.0.5304.87, setWindowRect: true, strictFileInteractability: false, timeouts: {implicit: 0, pageLoad: 300000, script: 30000}, unhandledPromptBehavior: dismiss and notify, webauthn:extension:credBlob: true, webauthn:extension:largeBlob: true, webauthn:virtualAuthenticators: true}
Session ID: 7c771d9e23f15dfb99f7cc4b673aad13
	at org.openqa.selenium.remote.codec.w3c.W3CHttpResponseCodec.createException(W3CHttpResponseCodec.java:200)
	at org.openqa.selenium.remote.codec.w3c.W3CHttpResponseCodec.decode(W3CHttpResponseCodec.java:133)
	at org.openqa.selenium.remote.codec.w3c.W3CHttpResponseCodec.decode(W3CHttpResponseCodec.java:53)
	at org.openqa.selenium.remote.HttpCommandExecutor.execute(HttpCommandExecutor.java:184)
	at org.openqa.selenium.remote.service.DriverCommandExecutor.invokeExecute(DriverCommandExecutor.java:167)
	at org.openqa.selenium.remote.service.DriverCommandExecutor.execute(DriverCommandExecutor.java:142)
	at org.openqa.selenium.remote.RemoteWebDriver.execute(RemoteWebDriver.java:547)
	at org.openqa.selenium.remote.ElementLocation$ElementFinder$2.findElement(ElementLocation.java:162)
	at org.openqa.selenium.remote.ElementLocation.findElement(ElementLocation.java:60)
	at org.openqa.selenium.remote.RemoteWebDriver.findElement(RemoteWebDriver.java:365)
	at org.openqa.selenium.remote.RemoteWebDriver.findElement(RemoteWebDriver.java:357)
	at com.new_Xuriti_project.NBFC_add.nbfc_mapping(NBFC_add.java:119)
	at com.new_Xuriti_project.TC_08_H_Nbfc_mapping.nbfc_map(TC_08_H_Nbfc_mapping.java:46)
	at java.base/java.util.ArrayList.forEach(ArrayList.java:1541)
... Removed 31 stack frames</pre></div><a href='#' onClick='toggleBox("stack-trace1084698317", this, "Click to show all stack frames", "Click to hide stack frames")'>Click to show all stack frames</a>
<div class='stack-trace' id='stack-trace1084698317'><pre>org.openqa.selenium.NoSuchElementException: no such element: Unable to locate element: {&quot;method&quot;:&quot;xpath&quot;,&quot;selector&quot;:&quot;//*[@id=&quot;nbfc-list-page&quot;]/div/div[3]/table/tbody/tr[1]/td[6]/button[2]/span[1]/mat-icon&quot;}
  (Session info: chrome=107.0.5304.87)
For documentation on this error, please visit: https://selenium.dev/exceptions/#no_such_element
Build info: version: &apos;4.4.0&apos;, revision: &apos;e5c75ed026a&apos;
System info: host: &apos;techtrail-desktop&apos;, ip: &apos;127.0.1.1&apos;, os.name: &apos;Linux&apos;, os.arch: &apos;amd64&apos;, os.version: &apos;5.15.0-52-generic&apos;, java.version: &apos;11.0.16&apos;
Driver info: org.openqa.selenium.chrome.ChromeDriver
Command: [7c771d9e23f15dfb99f7cc4b673aad13, findElement {using=xpath, value=//*[@id=&quot;nbfc-list-page&quot;]/div/div[3]/table/tbody/tr[1]/td[6]/button[2]/span[1]/mat-icon}]
Capabilities {acceptInsecureCerts: false, browserName: chrome, browserVersion: 107.0.5304.87, chrome: {chromedriverVersion: 106.0.5249.61 (511755355844..., userDataDir: /tmp/.com.google.Chrome.cIIpzE}, goog:chromeOptions: {debuggerAddress: localhost:41013}, networkConnectionEnabled: false, pageLoadStrategy: normal, platformName: LINUX, proxy: Proxy(), se:cdp: ws://localhost:41013/devtoo..., se:cdpVersion: 107.0.5304.87, setWindowRect: true, strictFileInteractability: false, timeouts: {implicit: 0, pageLoad: 300000, script: 30000}, unhandledPromptBehavior: dismiss and notify, webauthn:extension:credBlob: true, webauthn:extension:largeBlob: true, webauthn:virtualAuthenticators: true}
Session ID: 7c771d9e23f15dfb99f7cc4b673aad13
	at java.base/jdk.internal.reflect.NativeConstructorAccessorImpl.newInstance0(Native Method)
	at java.base/jdk.internal.reflect.NativeConstructorAccessorImpl.newInstance(NativeConstructorAccessorImpl.java:62)
	at java.base/jdk.internal.reflect.DelegatingConstructorAccessorImpl.newInstance(DelegatingConstructorAccessorImpl.java:45)
	at java.base/java.lang.reflect.Constructor.newInstance(Constructor.java:490)
	at org.openqa.selenium.remote.codec.w3c.W3CHttpResponseCodec.createException(W3CHttpResponseCodec.java:200)
	at org.openqa.selenium.remote.codec.w3c.W3CHttpResponseCodec.decode(W3CHttpResponseCodec.java:133)
	at org.openqa.selenium.remote.codec.w3c.W3CHttpResponseCodec.decode(W3CHttpResponseCodec.java:53)
	at org.openqa.selenium.remote.HttpCommandExecutor.execute(HttpCommandExecutor.java:184)
	at org.openqa.selenium.remote.service.DriverCommandExecutor.invokeExecute(DriverCommandExecutor.java:167)
	at org.openqa.selenium.remote.service.DriverCommandExecutor.execute(DriverCommandExecutor.java:142)
	at org.openqa.selenium.remote.RemoteWebDriver.execute(RemoteWebDriver.java:547)
	at org.openqa.selenium.remote.ElementLocation$ElementFinder$2.findElement(ElementLocation.java:162)
	at org.openqa.selenium.remote.ElementLocation.findElement(ElementLocation.java:60)
	at org.openqa.selenium.remote.RemoteWebDriver.findElement(RemoteWebDriver.java:365)
	at org.openqa.selenium.remote.RemoteWebDriver.findElement(RemoteWebDriver.java:357)
	at com.new_Xuriti_project.NBFC_add.nbfc_mapping(NBFC_add.java:119)
	at com.new_Xuriti_project.TC_08_H_Nbfc_mapping.nbfc_map(TC_08_H_Nbfc_mapping.java:46)
	at java.base/jdk.internal.reflect.NativeMethodAccessorImpl.invoke0(Native Method)
	at java.base/jdk.internal.reflect.NativeMethodAccessorImpl.invoke(NativeMethodAccessorImpl.java:62)
	at java.base/jdk.internal.reflect.DelegatingMethodAccessorImpl.invoke(DelegatingMethodAccessorImpl.java:43)
	at java.base/java.lang.reflect.Method.invoke(Method.java:566)
	at org.testng.internal.MethodInvocationHelper.invokeMethod(MethodInvocationHelper.java:133)
	at org.testng.internal.TestInvoker.invokeMethod(TestInvoker.java:598)
	at org.testng.internal.TestInvoker.invokeTestMethod(TestInvoker.java:173)
	at org.testng.internal.MethodRunner.runInSequence(MethodRunner.java:46)
	at org.testng.internal.TestInvoker$MethodInvocationAgent.invoke(TestInvoker.java:824)
	at org.testng.internal.TestInvoker.invokeTestMethods(TestInvoker.java:146)
	at org.testng.internal.TestMethodWorker.invokeTestMethods(TestMethodWorker.java:146)
	at org.testng.internal.TestMethodWorker.run(TestMethodWorker.java:128)
	at java.base/java.util.ArrayList.forEach(ArrayList.java:1541)
	at org.testng.TestRunner.privateRun(TestRunner.java:794)
	at org.testng.TestRunner.run(TestRunner.java:596)
	at org.testng.SuiteRunner.runTest(SuiteRunner.java:377)
	at org.testng.SuiteRunner.runSequentially(SuiteRunner.java:371)
	at org.testng.SuiteRunner.privateRun(SuiteRunner.java:332)
	at org.testng.SuiteRunner.run(SuiteRunner.java:276)
	at org.testng.SuiteRunnerWorker.runSuite(SuiteRunnerWorker.java:53)
	at org.testng.SuiteRunnerWorker.run(SuiteRunnerWorker.java:96)
	at org.testng.TestNG.runSuitesSequentially(TestNG.java:1212)
	at org.testng.TestNG.runSuitesLocally(TestNG.java:1134)
	at org.testng.TestNG.runSuites(TestNG.java:1063)
	at org.testng.TestNG.run(TestNG.java:1031)
	at org.testng.remote.AbstractRemoteTestNG.run(AbstractRemoteTestNG.java:115)
	at org.testng.remote.RemoteTestNG.initAndRun(RemoteTestNG.java:251)
	at org.testng.remote.RemoteTestNG.main(RemoteTestNG.java:77)
</pre></div></td>
<td>7</td>
<td>com.new_Xuriti_project.TC_08_H_Nbfc_mapping@6a28ffa4</td></tr>
<tr>
<td title='com.new_Xuriti_project.TC_05_E_Credit_plan_add.add_credit_plan()'><b>add_credit_plan</b><br>Test class: com.new_Xuriti_project.TC_05_E_Credit_plan_add</td>
<td><div><pre>org.openqa.selenium.NoSuchElementException: no such element: Unable to locate element: {&quot;method&quot;:&quot;xpath&quot;,&quot;selector&quot;:&quot;//*[@id=&quot;companylist-page&quot;]/div/table/tbody/tr[1]/td[7]/button[2]/span[1]/mat-icon&quot;}
  (Session info: chrome=107.0.5304.87)
For documentation on this error, please visit: https://selenium.dev/exceptions/#no_such_element
Build info: version: &apos;4.4.0&apos;, revision: &apos;e5c75ed026a&apos;
System info: host: &apos;techtrail-desktop&apos;, ip: &apos;127.0.1.1&apos;, os.name: &apos;Linux&apos;, os.arch: &apos;amd64&apos;, os.version: &apos;5.15.0-52-generic&apos;, java.version: &apos;11.0.16&apos;
Driver info: org.openqa.selenium.chrome.ChromeDriver
Command: [0206e72efd4dfa0a6c6d5bc79dd164de, findElement {using=xpath, value=//*[@id=&quot;companylist-page&quot;]/div/table/tbody/tr[1]/td[7]/button[2]/span[1]/mat-icon}]
Capabilities {acceptInsecureCerts: false, browserName: chrome, browserVersion: 107.0.5304.87, chrome: {chromedriverVersion: 106.0.5249.61 (511755355844..., userDataDir: /tmp/.com.google.Chrome.hHVexj}, goog:chromeOptions: {debuggerAddress: localhost:40413}, networkConnectionEnabled: false, pageLoadStrategy: normal, platformName: LINUX, proxy: Proxy(), se:cdp: ws://localhost:40413/devtoo..., se:cdpVersion: 107.0.5304.87, setWindowRect: true, strictFileInteractability: false, timeouts: {implicit: 0, pageLoad: 300000, script: 30000}, unhandledPromptBehavior: dismiss and notify, webauthn:extension:credBlob: true, webauthn:extension:largeBlob: true, webauthn:virtualAuthenticators: true}
Session ID: 0206e72efd4dfa0a6c6d5bc79dd164de
	at org.openqa.selenium.remote.codec.w3c.W3CHttpResponseCodec.createException(W3CHttpResponseCodec.java:200)
	at org.openqa.selenium.remote.codec.w3c.W3CHttpResponseCodec.decode(W3CHttpResponseCodec.java:133)
	at org.openqa.selenium.remote.codec.w3c.W3CHttpResponseCodec.decode(W3CHttpResponseCodec.java:53)
	at org.openqa.selenium.remote.HttpCommandExecutor.execute(HttpCommandExecutor.java:184)
	at org.openqa.selenium.remote.service.DriverCommandExecutor.invokeExecute(DriverCommandExecutor.java:167)
	at org.openqa.selenium.remote.service.DriverCommandExecutor.execute(DriverCommandExecutor.java:142)
	at org.openqa.selenium.remote.RemoteWebDriver.execute(RemoteWebDriver.java:547)
	at org.openqa.selenium.remote.ElementLocation$ElementFinder$2.findElement(ElementLocation.java:162)
	at org.openqa.selenium.remote.ElementLocation.findElement(ElementLocation.java:60)
	at org.openqa.selenium.remote.RemoteWebDriver.findElement(RemoteWebDriver.java:365)
	at org.openqa.selenium.remote.RemoteWebDriver.findElement(RemoteWebDriver.java:357)
	at com.new_Xuriti_project.Company_status_change.Add_credit_plan(Company_status_change.java:79)
	at com.new_Xuriti_project.TC_05_E_Credit_plan_add.add_credit_plan(TC_05_E_Credit_plan_add.java:47)
	at java.base/java.util.ArrayList.forEach(ArrayList.java:1541)
... Removed 31 stack frames</pre></div><a href='#' onClick='toggleBox("stack-trace7752890", this, "Click to show all stack frames", "Click to hide stack frames")'>Click to show all stack frames</a>
<div class='stack-trace' id='stack-trace7752890'><pre>org.openqa.selenium.NoSuchElementException: no such element: Unable to locate element: {&quot;method&quot;:&quot;xpath&quot;,&quot;selector&quot;:&quot;//*[@id=&quot;companylist-page&quot;]/div/table/tbody/tr[1]/td[7]/button[2]/span[1]/mat-icon&quot;}
  (Session info: chrome=107.0.5304.87)
For documentation on this error, please visit: https://selenium.dev/exceptions/#no_such_element
Build info: version: &apos;4.4.0&apos;, revision: &apos;e5c75ed026a&apos;
System info: host: &apos;techtrail-desktop&apos;, ip: &apos;127.0.1.1&apos;, os.name: &apos;Linux&apos;, os.arch: &apos;amd64&apos;, os.version: &apos;5.15.0-52-generic&apos;, java.version: &apos;11.0.16&apos;
Driver info: org.openqa.selenium.chrome.ChromeDriver
Command: [0206e72efd4dfa0a6c6d5bc79dd164de, findElement {using=xpath, value=//*[@id=&quot;companylist-page&quot;]/div/table/tbody/tr[1]/td[7]/button[2]/span[1]/mat-icon}]
Capabilities {acceptInsecureCerts: false, browserName: chrome, browserVersion: 107.0.5304.87, chrome: {chromedriverVersion: 106.0.5249.61 (511755355844..., userDataDir: /tmp/.com.google.Chrome.hHVexj}, goog:chromeOptions: {debuggerAddress: localhost:40413}, networkConnectionEnabled: false, pageLoadStrategy: normal, platformName: LINUX, proxy: Proxy(), se:cdp: ws://localhost:40413/devtoo..., se:cdpVersion: 107.0.5304.87, setWindowRect: true, strictFileInteractability: false, timeouts: {implicit: 0, pageLoad: 300000, script: 30000}, unhandledPromptBehavior: dismiss and notify, webauthn:extension:credBlob: true, webauthn:extension:largeBlob: true, webauthn:virtualAuthenticators: true}
Session ID: 0206e72efd4dfa0a6c6d5bc79dd164de
	at java.base/jdk.internal.reflect.NativeConstructorAccessorImpl.newInstance0(Native Method)
	at java.base/jdk.internal.reflect.NativeConstructorAccessorImpl.newInstance(NativeConstructorAccessorImpl.java:62)
	at java.base/jdk.internal.reflect.DelegatingConstructorAccessorImpl.newInstance(DelegatingConstructorAccessorImpl.java:45)
	at java.base/java.lang.reflect.Constructor.newInstance(Constructor.java:490)
	at org.openqa.selenium.remote.codec.w3c.W3CHttpResponseCodec.createException(W3CHttpResponseCodec.java:200)
	at org.openqa.selenium.remote.codec.w3c.W3CHttpResponseCodec.decode(W3CHttpResponseCodec.java:133)
	at org.openqa.selenium.remote.codec.w3c.W3CHttpResponseCodec.decode(W3CHttpResponseCodec.java:53)
	at org.openqa.selenium.remote.HttpCommandExecutor.execute(HttpCommandExecutor.java:184)
	at org.openqa.selenium.remote.service.DriverCommandExecutor.invokeExecute(DriverCommandExecutor.java:167)
	at org.openqa.selenium.remote.service.DriverCommandExecutor.execute(DriverCommandExecutor.java:142)
	at org.openqa.selenium.remote.RemoteWebDriver.execute(RemoteWebDriver.java:547)
	at org.openqa.selenium.remote.ElementLocation$ElementFinder$2.findElement(ElementLocation.java:162)
	at org.openqa.selenium.remote.ElementLocation.findElement(ElementLocation.java:60)
	at org.openqa.selenium.remote.RemoteWebDriver.findElement(RemoteWebDriver.java:365)
	at org.openqa.selenium.remote.RemoteWebDriver.findElement(RemoteWebDriver.java:357)
	at com.new_Xuriti_project.Company_status_change.Add_credit_plan(Company_status_change.java:79)
	at com.new_Xuriti_project.TC_05_E_Credit_plan_add.add_credit_plan(TC_05_E_Credit_plan_add.java:47)
	at java.base/jdk.internal.reflect.NativeMethodAccessorImpl.invoke0(Native Method)
	at java.base/jdk.internal.reflect.NativeMethodAccessorImpl.invoke(NativeMethodAccessorImpl.java:62)
	at java.base/jdk.internal.reflect.DelegatingMethodAccessorImpl.invoke(DelegatingMethodAccessorImpl.java:43)
	at java.base/java.lang.reflect.Method.invoke(Method.java:566)
	at org.testng.internal.MethodInvocationHelper.invokeMethod(MethodInvocationHelper.java:133)
	at org.testng.internal.TestInvoker.invokeMethod(TestInvoker.java:598)
	at org.testng.internal.TestInvoker.invokeTestMethod(TestInvoker.java:173)
	at org.testng.internal.MethodRunner.runInSequence(MethodRunner.java:46)
	at org.testng.internal.TestInvoker$MethodInvocationAgent.invoke(TestInvoker.java:824)
	at org.testng.internal.TestInvoker.invokeTestMethods(TestInvoker.java:146)
	at org.testng.internal.TestMethodWorker.invokeTestMethods(TestMethodWorker.java:146)
	at org.testng.internal.TestMethodWorker.run(TestMethodWorker.java:128)
	at java.base/java.util.ArrayList.forEach(ArrayList.java:1541)
	at org.testng.TestRunner.privateRun(TestRunner.java:794)
	at org.testng.TestRunner.run(TestRunner.java:596)
	at org.testng.SuiteRunner.runTest(SuiteRunner.java:377)
	at org.testng.SuiteRunner.runSequentially(SuiteRunner.java:371)
	at org.testng.SuiteRunner.privateRun(SuiteRunner.java:332)
	at org.testng.SuiteRunner.run(SuiteRunner.java:276)
	at org.testng.SuiteRunnerWorker.runSuite(SuiteRunnerWorker.java:53)
	at org.testng.SuiteRunnerWorker.run(SuiteRunnerWorker.java:96)
	at org.testng.TestNG.runSuitesSequentially(TestNG.java:1212)
	at org.testng.TestNG.runSuitesLocally(TestNG.java:1134)
	at org.testng.TestNG.runSuites(TestNG.java:1063)
	at org.testng.TestNG.run(TestNG.java:1031)
	at org.testng.remote.AbstractRemoteTestNG.run(AbstractRemoteTestNG.java:115)
	at org.testng.remote.RemoteTestNG.initAndRun(RemoteTestNG.java:251)
	at org.testng.remote.RemoteTestNG.main(RemoteTestNG.java:77)
</pre></div></td>
<td>8</td>
<td>com.new_Xuriti_project.TC_05_E_Credit_plan_add@7e0b85f9</td></tr>
<tr>
<td title='com.new_Xuriti_project.TC_09_I_credit_limit_set.Credit_limit_set()'><b>Credit_limit_set</b><br>Test class: com.new_Xuriti_project.TC_09_I_credit_limit_set</td>
<td><div><pre>org.openqa.selenium.NoSuchElementException: no such element: Unable to locate element: {&quot;method&quot;:&quot;xpath&quot;,&quot;selector&quot;:&quot;//*[@id=&quot;companylist-page&quot;]/div/table/tbody/tr[1]/td[7]/button[1]/span[1]/mat-icon&quot;}
  (Session info: chrome=107.0.5304.87)
For documentation on this error, please visit: https://selenium.dev/exceptions/#no_such_element
Build info: version: &apos;4.4.0&apos;, revision: &apos;e5c75ed026a&apos;
System info: host: &apos;techtrail-desktop&apos;, ip: &apos;127.0.1.1&apos;, os.name: &apos;Linux&apos;, os.arch: &apos;amd64&apos;, os.version: &apos;5.15.0-52-generic&apos;, java.version: &apos;11.0.16&apos;
Driver info: org.openqa.selenium.chrome.ChromeDriver
Command: [60d561a4538472d0f052199fe1c41de3, findElement {using=xpath, value=//*[@id=&quot;companylist-page&quot;]/div/table/tbody/tr[1]/td[7]/button[1]/span[1]/mat-icon}]
Capabilities {acceptInsecureCerts: false, browserName: chrome, browserVersion: 107.0.5304.87, chrome: {chromedriverVersion: 106.0.5249.61 (511755355844..., userDataDir: /tmp/.com.google.Chrome.1h8dsW}, goog:chromeOptions: {debuggerAddress: localhost:44545}, networkConnectionEnabled: false, pageLoadStrategy: normal, platformName: LINUX, proxy: Proxy(), se:cdp: ws://localhost:44545/devtoo..., se:cdpVersion: 107.0.5304.87, setWindowRect: true, strictFileInteractability: false, timeouts: {implicit: 0, pageLoad: 300000, script: 30000}, unhandledPromptBehavior: dismiss and notify, webauthn:extension:credBlob: true, webauthn:extension:largeBlob: true, webauthn:virtualAuthenticators: true}
Session ID: 60d561a4538472d0f052199fe1c41de3
	at org.openqa.selenium.remote.codec.w3c.W3CHttpResponseCodec.createException(W3CHttpResponseCodec.java:200)
	at org.openqa.selenium.remote.codec.w3c.W3CHttpResponseCodec.decode(W3CHttpResponseCodec.java:133)
	at org.openqa.selenium.remote.codec.w3c.W3CHttpResponseCodec.decode(W3CHttpResponseCodec.java:53)
	at org.openqa.selenium.remote.HttpCommandExecutor.execute(HttpCommandExecutor.java:184)
	at org.openqa.selenium.remote.service.DriverCommandExecutor.invokeExecute(DriverCommandExecutor.java:167)
	at org.openqa.selenium.remote.service.DriverCommandExecutor.execute(DriverCommandExecutor.java:142)
	at org.openqa.selenium.remote.RemoteWebDriver.execute(RemoteWebDriver.java:547)
	at org.openqa.selenium.remote.ElementLocation$ElementFinder$2.findElement(ElementLocation.java:162)
	at org.openqa.selenium.remote.ElementLocation.findElement(ElementLocation.java:60)
	at org.openqa.selenium.remote.RemoteWebDriver.findElement(RemoteWebDriver.java:365)
	at org.openqa.selenium.remote.RemoteWebDriver.findElement(RemoteWebDriver.java:357)
	at com.new_Xuriti_project.Company_status_change.credit_limit_set(Company_status_change.java:162)
	at com.new_Xuriti_project.TC_09_I_credit_limit_set.Credit_limit_set(TC_09_I_credit_limit_set.java:44)
	at java.base/java.util.ArrayList.forEach(ArrayList.java:1541)
... Removed 31 stack frames</pre></div><a href='#' onClick='toggleBox("stack-trace1845746463", this, "Click to show all stack frames", "Click to hide stack frames")'>Click to show all stack frames</a>
<div class='stack-trace' id='stack-trace1845746463'><pre>org.openqa.selenium.NoSuchElementException: no such element: Unable to locate element: {&quot;method&quot;:&quot;xpath&quot;,&quot;selector&quot;:&quot;//*[@id=&quot;companylist-page&quot;]/div/table/tbody/tr[1]/td[7]/button[1]/span[1]/mat-icon&quot;}
  (Session info: chrome=107.0.5304.87)
For documentation on this error, please visit: https://selenium.dev/exceptions/#no_such_element
Build info: version: &apos;4.4.0&apos;, revision: &apos;e5c75ed026a&apos;
System info: host: &apos;techtrail-desktop&apos;, ip: &apos;127.0.1.1&apos;, os.name: &apos;Linux&apos;, os.arch: &apos;amd64&apos;, os.version: &apos;5.15.0-52-generic&apos;, java.version: &apos;11.0.16&apos;
Driver info: org.openqa.selenium.chrome.ChromeDriver
Command: [60d561a4538472d0f052199fe1c41de3, findElement {using=xpath, value=//*[@id=&quot;companylist-page&quot;]/div/table/tbody/tr[1]/td[7]/button[1]/span[1]/mat-icon}]
Capabilities {acceptInsecureCerts: false, browserName: chrome, browserVersion: 107.0.5304.87, chrome: {chromedriverVersion: 106.0.5249.61 (511755355844..., userDataDir: /tmp/.com.google.Chrome.1h8dsW}, goog:chromeOptions: {debuggerAddress: localhost:44545}, networkConnectionEnabled: false, pageLoadStrategy: normal, platformName: LINUX, proxy: Proxy(), se:cdp: ws://localhost:44545/devtoo..., se:cdpVersion: 107.0.5304.87, setWindowRect: true, strictFileInteractability: false, timeouts: {implicit: 0, pageLoad: 300000, script: 30000}, unhandledPromptBehavior: dismiss and notify, webauthn:extension:credBlob: true, webauthn:extension:largeBlob: true, webauthn:virtualAuthenticators: true}
Session ID: 60d561a4538472d0f052199fe1c41de3
	at java.base/jdk.internal.reflect.NativeConstructorAccessorImpl.newInstance0(Native Method)
	at java.base/jdk.internal.reflect.NativeConstructorAccessorImpl.newInstance(NativeConstructorAccessorImpl.java:62)
	at java.base/jdk.internal.reflect.DelegatingConstructorAccessorImpl.newInstance(DelegatingConstructorAccessorImpl.java:45)
	at java.base/java.lang.reflect.Constructor.newInstance(Constructor.java:490)
	at org.openqa.selenium.remote.codec.w3c.W3CHttpResponseCodec.createException(W3CHttpResponseCodec.java:200)
	at org.openqa.selenium.remote.codec.w3c.W3CHttpResponseCodec.decode(W3CHttpResponseCodec.java:133)
	at org.openqa.selenium.remote.codec.w3c.W3CHttpResponseCodec.decode(W3CHttpResponseCodec.java:53)
	at org.openqa.selenium.remote.HttpCommandExecutor.execute(HttpCommandExecutor.java:184)
	at org.openqa.selenium.remote.service.DriverCommandExecutor.invokeExecute(DriverCommandExecutor.java:167)
	at org.openqa.selenium.remote.service.DriverCommandExecutor.execute(DriverCommandExecutor.java:142)
	at org.openqa.selenium.remote.RemoteWebDriver.execute(RemoteWebDriver.java:547)
	at org.openqa.selenium.remote.ElementLocation$ElementFinder$2.findElement(ElementLocation.java:162)
	at org.openqa.selenium.remote.ElementLocation.findElement(ElementLocation.java:60)
	at org.openqa.selenium.remote.RemoteWebDriver.findElement(RemoteWebDriver.java:365)
	at org.openqa.selenium.remote.RemoteWebDriver.findElement(RemoteWebDriver.java:357)
	at com.new_Xuriti_project.Company_status_change.credit_limit_set(Company_status_change.java:162)
	at com.new_Xuriti_project.TC_09_I_credit_limit_set.Credit_limit_set(TC_09_I_credit_limit_set.java:44)
	at java.base/jdk.internal.reflect.NativeMethodAccessorImpl.invoke0(Native Method)
	at java.base/jdk.internal.reflect.NativeMethodAccessorImpl.invoke(NativeMethodAccessorImpl.java:62)
	at java.base/jdk.internal.reflect.DelegatingMethodAccessorImpl.invoke(DelegatingMethodAccessorImpl.java:43)
	at java.base/java.lang.reflect.Method.invoke(Method.java:566)
	at org.testng.internal.MethodInvocationHelper.invokeMethod(MethodInvocationHelper.java:133)
	at org.testng.internal.TestInvoker.invokeMethod(TestInvoker.java:598)
	at org.testng.internal.TestInvoker.invokeTestMethod(TestInvoker.java:173)
	at org.testng.internal.MethodRunner.runInSequence(MethodRunner.java:46)
	at org.testng.internal.TestInvoker$MethodInvocationAgent.invoke(TestInvoker.java:824)
	at org.testng.internal.TestInvoker.invokeTestMethods(TestInvoker.java:146)
	at org.testng.internal.TestMethodWorker.invokeTestMethods(TestMethodWorker.java:146)
	at org.testng.internal.TestMethodWorker.run(TestMethodWorker.java:128)
	at java.base/java.util.ArrayList.forEach(ArrayList.java:1541)
	at org.testng.TestRunner.privateRun(TestRunner.java:794)
	at org.testng.TestRunner.run(TestRunner.java:596)
	at org.testng.SuiteRunner.runTest(SuiteRunner.java:377)
	at org.testng.SuiteRunner.runSequentially(SuiteRunner.java:371)
	at org.testng.SuiteRunner.privateRun(SuiteRunner.java:332)
	at org.testng.SuiteRunner.run(SuiteRunner.java:276)
	at org.testng.SuiteRunnerWorker.runSuite(SuiteRunnerWorker.java:53)
	at org.testng.SuiteRunnerWorker.run(SuiteRunnerWorker.java:96)
	at org.testng.TestNG.runSuitesSequentially(TestNG.java:1212)
	at org.testng.TestNG.runSuitesLocally(TestNG.java:1134)
	at org.testng.TestNG.runSuites(TestNG.java:1063)
	at org.testng.TestNG.run(TestNG.java:1031)
	at org.testng.remote.AbstractRemoteTestNG.run(AbstractRemoteTestNG.java:115)
	at org.testng.remote.RemoteTestNG.initAndRun(RemoteTestNG.java:251)
	at org.testng.remote.RemoteTestNG.main(RemoteTestNG.java:77)
</pre></div></td>
<td>8</td>
<td>com.new_Xuriti_project.TC_09_I_credit_limit_set@48ae9b55</td></tr>
</table><p>
<table width='100%' border='1' class='invocation-passed'>
<tr><td colspan='4' align='center'><b>PASSED TESTS</b></td></tr>
<tr><td><b>Test method</b></td>
<td width="30%"><b>Exception</b></td>
<td width="10%"><b>Time (seconds)</b></td>
<td><b>Instance</b></td>
</tr>
<tr>
<td title='com.new_Xuriti_project.TC_02_B_Login.Launch_Xuriti()'><b>Launch_Xuriti</b><br>Test class: com.new_Xuriti_project.TC_02_B_Login</td>
<td></td>
<td>6</td>
<td>com.new_Xuriti_project.TC_02_B_Login@64cd705f</td></tr>
<tr>
<td title='com.new_Xuriti_project.TC_04_D_entity_approve.Login_Admin()'><b>Login_Admin</b><br>Test class: com.new_Xuriti_project.TC_04_D_entity_approve</td>
<td></td>
<td>6</td>
<td>com.new_Xuriti_project.TC_04_D_entity_approve@6580cfdd</td></tr>
<tr>
<td title='com.new_Xuriti_project.TC_11_K_Buyer_invoice_upload.Launch_Xuriti()'><b>Launch_Xuriti</b><br>Test class: com.new_Xuriti_project.TC_11_K_Buyer_invoice_upload</td>
<td></td>
<td>8</td>
<td>com.new_Xuriti_project.TC_11_K_Buyer_invoice_upload@21de60b4</td></tr>
<tr>
<td title='com.new_Xuriti_project.TC_16_P_Extra_full_offline_payment.LaunchAdmin()'><b>LaunchAdmin</b><br>Test class: com.new_Xuriti_project.TC_16_P_Extra_full_offline_payment</td>
<td></td>
<td>3</td>
<td>com.new_Xuriti_project.TC_16_P_Extra_full_offline_payment@5c30a9b0</td></tr>
<tr>
<td title='com.new_Xuriti_project.TC_15_O_offline_part_payment.Login_Admin()'><b>Login_Admin</b><br>Test class: com.new_Xuriti_project.TC_15_O_offline_part_payment</td>
<td></td>
<td>6</td>
<td>com.new_Xuriti_project.TC_15_O_offline_part_payment@635eaaf1</td></tr>
<tr>
<td title='com.new_Xuriti_project.TC_13_M_part_payment.Launch_Xuriti()'><b>Launch_Xuriti</b><br>Test class: com.new_Xuriti_project.TC_13_M_part_payment</td>
<td></td>
<td>9</td>
<td>com.new_Xuriti_project.TC_13_M_part_payment@30ee2816</td></tr>
<tr>
<td title='com.new_Xuriti_project.TC_06_F_credit_plan_map_buyer.LaunchAdmin()'><b>LaunchAdmin</b><br>Test class: com.new_Xuriti_project.TC_06_F_credit_plan_map_buyer</td>
<td></td>
<td>3</td>
<td>com.new_Xuriti_project.TC_06_F_credit_plan_map_buyer@63355449</td></tr>
<tr>
<td title='com.new_Xuriti_project.TC_03_C_Company_add.User_Login()'><b>User_Login</b><br>Test class: com.new_Xuriti_project.TC_03_C_Company_add</td>
<td></td>
<td>6</td>
<td>com.new_Xuriti_project.TC_03_C_Company_add@9225652</td></tr>
<tr>
<td title='com.new_Xuriti_project.TC_15_O_offline_part_payment.offline_part_payment()'><b>offline_part_payment</b><br>Test class: com.new_Xuriti_project.TC_15_O_offline_part_payment</td>
<td></td>
<td>29</td>
<td>com.new_Xuriti_project.TC_15_O_offline_part_payment@635eaaf1</td></tr>
<tr>
<td title='com.new_Xuriti_project.TC_04_D_entity_approve.LaunchAdmin()'><b>LaunchAdmin</b><br>Test class: com.new_Xuriti_project.TC_04_D_entity_approve</td>
<td></td>
<td>6</td>
<td>com.new_Xuriti_project.TC_04_D_entity_approve@6580cfdd</td></tr>
<tr>
<td title='com.new_Xuriti_project.TC_08_H_Nbfc_mapping.Launch_Xuriti()'><b>Launch_Xuriti</b><br>Test class: com.new_Xuriti_project.TC_08_H_Nbfc_mapping</td>
<td></td>
<td>7</td>
<td>com.new_Xuriti_project.TC_08_H_Nbfc_mapping@6a28ffa4</td></tr>
<tr>
<td title='com.new_Xuriti_project.TC_18_R_KYC_upload.Launch_Xuriti()'><b>Launch_Xuriti</b><br>Test class: com.new_Xuriti_project.TC_18_R_KYC_upload</td>
<td></td>
<td>8</td>
<td>com.new_Xuriti_project.TC_18_R_KYC_upload@1139b2f3</td></tr>
<tr>
<td title='com.new_Xuriti_project.TC_10_J_credit_limit_approve.LaunchAdmin()'><b>LaunchAdmin</b><br>Test class: com.new_Xuriti_project.TC_10_J_credit_limit_approve</td>
<td></td>
<td>7</td>
<td>com.new_Xuriti_project.TC_10_J_credit_limit_approve@1700915</td></tr>
<tr>
<td title='com.new_Xuriti_project.TC_05_E_Credit_plan_add.LaunchAdmin()'><b>LaunchAdmin</b><br>Test class: com.new_Xuriti_project.TC_05_E_Credit_plan_add</td>
<td></td>
<td>5</td>
<td>com.new_Xuriti_project.TC_05_E_Credit_plan_add@7e0b85f9</td></tr>
<tr>
<td title='com.new_Xuriti_project.TC_09_I_credit_limit_set.LaunchAdmin()'><b>LaunchAdmin</b><br>Test class: com.new_Xuriti_project.TC_09_I_credit_limit_set</td>
<td></td>
<td>3</td>
<td>com.new_Xuriti_project.TC_09_I_credit_limit_set@48ae9b55</td></tr>
<tr>
<td title='com.new_Xuriti_project.TC_11_K_Buyer_invoice_upload.User_Login()'><b>User_Login</b><br>Test class: com.new_Xuriti_project.TC_11_K_Buyer_invoice_upload</td>
<td></td>
<td>6</td>
<td>com.new_Xuriti_project.TC_11_K_Buyer_invoice_upload@21de60b4</td></tr>
<tr>
<td title='com.new_Xuriti_project.TC_16_P_Extra_full_offline_payment.Extra_and_full_offline_payment()'><b>Extra_and_full_offline_payment</b><br>Test class: com.new_Xuriti_project.TC_16_P_Extra_full_offline_payment</td>
<td></td>
<td>29</td>
<td>com.new_Xuriti_project.TC_16_P_Extra_full_offline_payment@5c30a9b0</td></tr>
<tr>
<td title='com.new_Xuriti_project.TC_03_C_Company_add.new_company_create()'><b>new_company_create</b><br>Test class: com.new_Xuriti_project.TC_03_C_Company_add</td>
<td></td>
<td>11</td>
<td>com.new_Xuriti_project.TC_03_C_Company_add@9225652</td></tr>
<tr>
<td title='com.new_Xuriti_project.TC_08_H_Nbfc_mapping.Login_Admin()'><b>Login_Admin</b><br>Test class: com.new_Xuriti_project.TC_08_H_Nbfc_mapping</td>
<td></td>
<td>7</td>
<td>com.new_Xuriti_project.TC_08_H_Nbfc_mapping@6a28ffa4</td></tr>
<tr>
<td title='com.new_Xuriti_project.TC_01_A_SignUP.Launch_Xuriti()'><b>Launch_Xuriti</b><br>Test class: com.new_Xuriti_project.TC_01_A_SignUP</td>
<td></td>
<td>32</td>
<td>com.new_Xuriti_project.TC_01_A_SignUP@3e92efc3</td></tr>
<tr>
<td title='com.new_Xuriti_project.TC_10_J_credit_limit_approve.Credit_limit_approve()'><b>Credit_limit_approve</b><br>Test class: com.new_Xuriti_project.TC_10_J_credit_limit_approve</td>
<td></td>
<td>10</td>
<td>com.new_Xuriti_project.TC_10_J_credit_limit_approve@1700915</td></tr>
<tr>
<td title='com.new_Xuriti_project.TC_12_L_Buyer_invoice_confirm.Launch_Xuriti()'><b>Launch_Xuriti</b><br>Test class: com.new_Xuriti_project.TC_12_L_Buyer_invoice_confirm</td>
<td></td>
<td>12</td>
<td>com.new_Xuriti_project.TC_12_L_Buyer_invoice_confirm@c267ef4</td></tr>
<tr>
<td title='com.new_Xuriti_project.TC_12_L_Buyer_invoice_confirm.User_Login()'><b>User_Login</b><br>Test class: com.new_Xuriti_project.TC_12_L_Buyer_invoice_confirm</td>
<td></td>
<td>6</td>
<td>com.new_Xuriti_project.TC_12_L_Buyer_invoice_confirm@c267ef4</td></tr>
<tr>
<td title='com.new_Xuriti_project.TC_14_N_Full_payment.Launch_Xuriti()'><b>Launch_Xuriti</b><br>Test class: com.new_Xuriti_project.TC_14_N_Full_payment</td>
<td></td>
<td>6</td>
<td>com.new_Xuriti_project.TC_14_N_Full_payment@31d7b7bf</td></tr>
<tr>
<td title='com.new_Xuriti_project.TC_15_O_offline_part_payment.LaunchAdmin()'><b>LaunchAdmin</b><br>Test class: com.new_Xuriti_project.TC_15_O_offline_part_payment</td>
<td></td>
<td>7</td>
<td>com.new_Xuriti_project.TC_15_O_offline_part_payment@635eaaf1</td></tr>
<tr>
<td title='com.new_Xuriti_project.TC_07_G_Nbfc_add.nbfc_add()'><b>nbfc_add</b><br>Test class: com.new_Xuriti_project.TC_07_G_Nbfc_add</td>
<td></td>
<td>51</td>
<td>com.new_Xuriti_project.TC_07_G_Nbfc_add@9353778</td></tr>
<tr>
<td title='com.new_Xuriti_project.TC_02_B_Login.User_Login()'><b>User_Login</b><br>Test class: com.new_Xuriti_project.TC_02_B_Login</td>
<td></td>
<td>6</td>
<td>com.new_Xuriti_project.TC_02_B_Login@64cd705f</td></tr>
<tr>
<td title='com.new_Xuriti_project.TC_03_C_Company_add.Launch_Xuriti()'><b>Launch_Xuriti</b><br>Test class: com.new_Xuriti_project.TC_03_C_Company_add</td>
<td></td>
<td>12</td>
<td>com.new_Xuriti_project.TC_03_C_Company_add@9225652</td></tr>
<tr>
<td title='com.new_Xuriti_project.TC_17_Q_Reports_Transactional_statement.Reports_Transactional_statement()'><b>Reports_Transactional_statement</b><br>Test class: com.new_Xuriti_project.TC_17_Q_Reports_Transactional_statement</td>
<td></td>
<td>9</td>
<td>com.new_Xuriti_project.TC_17_Q_Reports_Transactional_statement@1ddf84b8</td></tr>
<tr>
<td title='com.new_Xuriti_project.TC_14_N_Full_payment.User_Login()'><b>User_Login</b><br>Test class: com.new_Xuriti_project.TC_14_N_Full_payment</td>
<td></td>
<td>6</td>
<td>com.new_Xuriti_project.TC_14_N_Full_payment@31d7b7bf</td></tr>
<tr>
<td title='com.new_Xuriti_project.TC_18_R_KYC_upload.User_Login()'><b>User_Login</b><br>Test class: com.new_Xuriti_project.TC_18_R_KYC_upload</td>
<td></td>
<td>6</td>
<td>com.new_Xuriti_project.TC_18_R_KYC_upload@1139b2f3</td></tr>
<tr>
<td title='com.new_Xuriti_project.TC_06_F_credit_plan_map_buyer.Login_Admin()'><b>Login_Admin</b><br>Test class: com.new_Xuriti_project.TC_06_F_credit_plan_map_buyer</td>
<td></td>
<td>6</td>
<td>com.new_Xuriti_project.TC_06_F_credit_plan_map_buyer@63355449</td></tr>
<tr>
<td title='com.new_Xuriti_project.TC_11_K_Buyer_invoice_upload.Buyer_invoice_upload()'><b>Buyer_invoice_upload</b><br>Test class: com.new_Xuriti_project.TC_11_K_Buyer_invoice_upload</td>
<td></td>
<td>10</td>
<td>com.new_Xuriti_project.TC_11_K_Buyer_invoice_upload@21de60b4</td></tr>
<tr>
<td title='com.new_Xuriti_project.TC_09_I_credit_limit_set.Login_Admin()'><b>Login_Admin</b><br>Test class: com.new_Xuriti_project.TC_09_I_credit_limit_set</td>
<td></td>
<td>6</td>
<td>com.new_Xuriti_project.TC_09_I_credit_limit_set@48ae9b55</td></tr>
<tr>
<td title='com.new_Xuriti_project.TC_17_Q_Reports_Transactional_statement.User_Login()'><b>User_Login</b><br>Test class: com.new_Xuriti_project.TC_17_Q_Reports_Transactional_statement</td>
<td></td>
<td>6</td>
<td>com.new_Xuriti_project.TC_17_Q_Reports_Transactional_statement@1ddf84b8</td></tr>
<tr>
<td title='com.new_Xuriti_project.TC_16_P_Extra_full_offline_payment.Login_Admin()'><b>Login_Admin</b><br>Test class: com.new_Xuriti_project.TC_16_P_Extra_full_offline_payment</td>
<td></td>
<td>6</td>
<td>com.new_Xuriti_project.TC_16_P_Extra_full_offline_payment@5c30a9b0</td></tr>
<tr>
<td title='com.new_Xuriti_project.TC_18_R_KYC_upload.KYC_upload()'><b>KYC_upload</b><br>Test class: com.new_Xuriti_project.TC_18_R_KYC_upload</td>
<td></td>
<td>13</td>
<td>com.new_Xuriti_project.TC_18_R_KYC_upload@1139b2f3</td></tr>
<tr>
<td title='com.new_Xuriti_project.TC_07_G_Nbfc_add.Login_Admin()'><b>Login_Admin</b><br>Test class: com.new_Xuriti_project.TC_07_G_Nbfc_add</td>
<td></td>
<td>7</td>
<td>com.new_Xuriti_project.TC_07_G_Nbfc_add@9353778</td></tr>
<tr>
<td title='com.new_Xuriti_project.TC_12_L_Buyer_invoice_confirm.Buyer_invoice_confirm()'><b>Buyer_invoice_confirm</b><br>Test class: com.new_Xuriti_project.TC_12_L_Buyer_invoice_confirm</td>
<td></td>
<td>19</td>
<td>com.new_Xuriti_project.TC_12_L_Buyer_invoice_confirm@c267ef4</td></tr>
<tr>
<td title='com.new_Xuriti_project.TC_10_J_credit_limit_approve.Login_Admin()'><b>Login_Admin</b><br>Test class: com.new_Xuriti_project.TC_10_J_credit_limit_approve</td>
<td></td>
<td>6</td>
<td>com.new_Xuriti_project.TC_10_J_credit_limit_approve@1700915</td></tr>
<tr>
<td title='com.new_Xuriti_project.TC_17_Q_Reports_Transactional_statement.Launch_Xuriti()'><b>Launch_Xuriti</b><br>Test class: com.new_Xuriti_project.TC_17_Q_Reports_Transactional_statement</td>
<td></td>
<td>9</td>
<td>com.new_Xuriti_project.TC_17_Q_Reports_Transactional_statement@1ddf84b8</td></tr>
<tr>
<td title='com.new_Xuriti_project.TC_01_A_SignUP.User_signup()'><b>User_signup</b><br>Test class: com.new_Xuriti_project.TC_01_A_SignUP</td>
<td></td>
<td>14</td>
<td>com.new_Xuriti_project.TC_01_A_SignUP@3e92efc3</td></tr>
<tr>
<td title='com.new_Xuriti_project.TC_13_M_part_payment.User_Login()'><b>User_Login</b><br>Test class: com.new_Xuriti_project.TC_13_M_part_payment</td>
<td></td>
<td>6</td>
<td>com.new_Xuriti_project.TC_13_M_part_payment@30ee2816</td></tr>
<tr>
<td title='com.new_Xuriti_project.TC_05_E_Credit_plan_add.Login_Admin()'><b>Login_Admin</b><br>Test class: com.new_Xuriti_project.TC_05_E_Credit_plan_add</td>
<td></td>
<td>6</td>
<td>com.new_Xuriti_project.TC_05_E_Credit_plan_add@7e0b85f9</td></tr>
<tr>
<td title='com.new_Xuriti_project.TC_07_G_Nbfc_add.Launch_Xuriti()'><b>Launch_Xuriti</b><br>Test class: com.new_Xuriti_project.TC_07_G_Nbfc_add</td>
<td></td>
<td>6</td>
<td>com.new_Xuriti_project.TC_07_G_Nbfc_add@9353778</td></tr>
</table><p>
</body>
</html>