<?xml version="1.0" encoding="UTF-8"?>
<!-- Generated by org.testng.reporters.JUnitReportReporter -->
<testsuite hostname="techtrail-desktop" failures="0" tests="3" name="com.new_Xuriti_project.TC_11_Buyer_invoice_upload" time="26.911" errors="1" timestamp="2022-10-31T17:32:11 IST" skipped="0">
  <testcase classname="com.new_Xuriti_project.TC_11_Buyer_invoice_upload" name="User_Login" time="6.345"/>
  <system-out/>
  <testcase classname="com.new_Xuriti_project.TC_11_Buyer_invoice_upload" name="Launch_Xuriti" time="7.076"/>
  <system-out/>
  <testcase classname="com.new_Xuriti_project.TC_11_Buyer_invoice_upload" name="Buyer_invoice_upload" time="13.490">
    <error message="element click intercepted: Element &lt;button _ngcontent-gwe-c223=&quot;&quot; mat-button=&quot;&quot; color=&quot;primary&quot; onclick=&quot;history.go(-1)&quot; class=&quot;mat-focus-indicator btn-primary mat-button mat-button-base mat-primary&quot;&gt;...&lt;/button&gt; is not clickable at point (325, 231). Other element would receive the click: &lt;mat-dialog-container tabindex=&quot;-1&quot; aria-modal=&quot;true&quot; class=&quot;mat-dialog-container ng-tns-c32-26 ng-trigger ng-trigger-dialogContainer ng-star-inserted&quot; id=&quot;mat-dialog-0&quot; role=&quot;dialog&quot; style=&quot;transform: none;&quot;&gt;...&lt;/mat-dialog-container&gt;
  (Session info: chrome=107.0.5304.87)
Build info: version: &#039;4.4.0&#039;, revision: &#039;e5c75ed026a&#039;
System info: host: &#039;techtrail-desktop&#039;, ip: &#039;127.0.1.1&#039;, os.name: &#039;Linux&#039;, os.arch: &#039;amd64&#039;, os.version: &#039;5.15.0-52-generic&#039;, java.version: &#039;11.0.16&#039;
Driver info: org.openqa.selenium.chrome.ChromeDriver
Command: [7e782e9a56afff341599810b7033efc4, clickElement {id=ce4b5f62-b13c-4f27-b1cc-4eb6bb2ff178}]
Capabilities {acceptInsecureCerts: false, browserName: chrome, browserVersion: 107.0.5304.87, chrome: {chromedriverVersion: 106.0.5249.61 (511755355844..., userDataDir: /tmp/.com.google.Chrome.AAvWIG}, goog:chromeOptions: {debuggerAddress: localhost:42617}, networkConnectionEnabled: false, pageLoadStrategy: normal, platformName: LINUX, proxy: Proxy(), se:cdp: ws://localhost:42617/devtoo..., se:cdpVersion: 107.0.5304.87, setWindowRect: true, strictFileInteractability: false, timeouts: {implicit: 0, pageLoad: 300000, script: 30000}, unhandledPromptBehavior: dismiss and notify, webauthn:extension:credBlob: true, webauthn:extension:largeBlob: true, webauthn:virtualAuthenticators: true}
Element: [[ChromeDriver: chrome on LINUX (7e782e9a56afff341599810b7033efc4)] -&gt; xpath: //*[@id=&quot;invoiceupload-page&quot;]/div/div/div/div/div[4]/button]
Session ID: 7e782e9a56afff341599810b7033efc4" type="org.openqa.selenium.ElementClickInterceptedException">
      <![CDATA[org.openqa.selenium.ElementClickInterceptedException: element click intercepted: Element <button _ngcontent-gwe-c223="" mat-button="" color="primary" onclick="history.go(-1)" class="mat-focus-indicator btn-primary mat-button mat-button-base mat-primary">...</button> is not clickable at point (325, 231). Other element would receive the click: <mat-dialog-container tabindex="-1" aria-modal="true" class="mat-dialog-container ng-tns-c32-26 ng-trigger ng-trigger-dialogContainer ng-star-inserted" id="mat-dialog-0" role="dialog" style="transform: none;">...</mat-dialog-container>
  (Session info: chrome=107.0.5304.87)
Build info: version: '4.4.0', revision: 'e5c75ed026a'
System info: host: 'techtrail-desktop', ip: '127.0.1.1', os.name: 'Linux', os.arch: 'amd64', os.version: '5.15.0-52-generic', java.version: '11.0.16'
Driver info: org.openqa.selenium.chrome.ChromeDriver
Command: [7e782e9a56afff341599810b7033efc4, clickElement {id=ce4b5f62-b13c-4f27-b1cc-4eb6bb2ff178}]
Capabilities {acceptInsecureCerts: false, browserName: chrome, browserVersion: 107.0.5304.87, chrome: {chromedriverVersion: 106.0.5249.61 (511755355844..., userDataDir: /tmp/.com.google.Chrome.AAvWIG}, goog:chromeOptions: {debuggerAddress: localhost:42617}, networkConnectionEnabled: false, pageLoadStrategy: normal, platformName: LINUX, proxy: Proxy(), se:cdp: ws://localhost:42617/devtoo..., se:cdpVersion: 107.0.5304.87, setWindowRect: true, strictFileInteractability: false, timeouts: {implicit: 0, pageLoad: 300000, script: 30000}, unhandledPromptBehavior: dismiss and notify, webauthn:extension:credBlob: true, webauthn:extension:largeBlob: true, webauthn:virtualAuthenticators: true}
Element: [[ChromeDriver: chrome on LINUX (7e782e9a56afff341599810b7033efc4)] -> xpath: //*[@id="invoiceupload-page"]/div/div/div/div/div[4]/button]
Session ID: 7e782e9a56afff341599810b7033efc4
at java.base/jdk.internal.reflect.NativeConstructorAccessorImpl.newInstance0(Native Method)
at java.base/jdk.internal.reflect.NativeConstructorAccessorImpl.newInstance(NativeConstructorAccessorImpl.java:62)
at java.base/jdk.internal.reflect.DelegatingConstructorAccessorImpl.newInstance(DelegatingConstructorAccessorImpl.java:45)
at java.base/java.lang.reflect.Constructor.newInstance(Constructor.java:490)
at org.openqa.selenium.remote.codec.w3c.W3CHttpResponseCodec.createException(W3CHttpResponseCodec.java:200)
at org.openqa.selenium.remote.codec.w3c.W3CHttpResponseCodec.decode(W3CHttpResponseCodec.java:133)
at org.openqa.selenium.remote.codec.w3c.W3CHttpResponseCodec.decode(W3CHttpResponseCodec.java:53)
at org.openqa.selenium.remote.HttpCommandExecutor.execute(HttpCommandExecutor.java:184)
at org.openqa.selenium.remote.service.DriverCommandExecutor.invokeExecute(DriverCommandExecutor.java:167)
at org.openqa.selenium.remote.service.DriverCommandExecutor.execute(DriverCommandExecutor.java:142)
at org.openqa.selenium.remote.RemoteWebDriver.execute(RemoteWebDriver.java:547)
at org.openqa.selenium.remote.RemoteWebElement.execute(RemoteWebElement.java:257)
at org.openqa.selenium.remote.RemoteWebElement.click(RemoteWebElement.java:78)
at com.new_Xuriti_project.Invoice_upload.buyer_invoice_uplaod(Invoice_upload.java:37)
at com.new_Xuriti_project.TC_11_Buyer_invoice_upload.Buyer_invoice_upload(TC_11_Buyer_invoice_upload.java:31)
at java.base/jdk.internal.reflect.NativeMethodAccessorImpl.invoke0(Native Method)
at java.base/jdk.internal.reflect.NativeMethodAccessorImpl.invoke(NativeMethodAccessorImpl.java:62)
at java.base/jdk.internal.reflect.DelegatingMethodAccessorImpl.invoke(DelegatingMethodAccessorImpl.java:43)
at java.base/java.lang.reflect.Method.invoke(Method.java:566)
at org.testng.internal.MethodInvocationHelper.invokeMethod(MethodInvocationHelper.java:133)
at org.testng.internal.TestInvoker.invokeMethod(TestInvoker.java:598)
at org.testng.internal.TestInvoker.invokeTestMethod(TestInvoker.java:173)
at org.testng.internal.MethodRunner.runInSequence(MethodRunner.java:46)
at org.testng.internal.TestInvoker$MethodInvocationAgent.invoke(TestInvoker.java:824)
at org.testng.internal.TestInvoker.invokeTestMethods(TestInvoker.java:146)
at org.testng.internal.TestMethodWorker.invokeTestMethods(TestMethodWorker.java:146)
at org.testng.internal.TestMethodWorker.run(TestMethodWorker.java:128)
at java.base/java.util.ArrayList.forEach(ArrayList.java:1541)
at org.testng.TestRunner.privateRun(TestRunner.java:794)
at org.testng.TestRunner.run(TestRunner.java:596)
at org.testng.SuiteRunner.runTest(SuiteRunner.java:377)
at org.testng.SuiteRunner.runSequentially(SuiteRunner.java:371)
at org.testng.SuiteRunner.privateRun(SuiteRunner.java:332)
at org.testng.SuiteRunner.run(SuiteRunner.java:276)
at org.testng.SuiteRunnerWorker.runSuite(SuiteRunnerWorker.java:53)
at org.testng.SuiteRunnerWorker.run(SuiteRunnerWorker.java:96)
at org.testng.TestNG.runSuitesSequentially(TestNG.java:1212)
at org.testng.TestNG.runSuitesLocally(TestNG.java:1134)
at org.testng.TestNG.runSuites(TestNG.java:1063)
at org.testng.TestNG.run(TestNG.java:1031)
at org.testng.remote.AbstractRemoteTestNG.run(AbstractRemoteTestNG.java:115)
at org.testng.remote.RemoteTestNG.initAndRun(RemoteTestNG.java:251)
at org.testng.remote.RemoteTestNG.main(RemoteTestNG.java:77)
]]>
    </error>
  </testcase> <!-- Buyer_invoice_upload -->
  <system-out/>
</testsuite> <!-- com.new_Xuriti_project.TC_11_Buyer_invoice_upload -->
